Vivado Simulator 2017.3
Time resolution is 1 ps
Block Memory Generator module AndXOR_Testbench.zynq_sys.system_axo_axi_i.axi_bram_ctrl_0_bram.inst.native_mem_mapped_module.blk_mem_gen_v8_4_0_inst is using a behavioral model for simulation which will not precisely model memory collision behavior.
XilinxAXIVIP: Found at Path: AndXOR_Testbench.zynq_sys.system_axo_axi_i.processing_system7_0.inst.M_AXI_GP0.master
[0] : *ZYNQ_VIP_INFO : M_AXI_GP0 : Port is ENABLED.
XilinxAXIVIP: Found at Path: AndXOR_Testbench.zynq_sys.system_axo_axi_i.processing_system7_0.inst.M_AXI_GP1.master
[0] : *ZYNQ_VIP_INFO : M_AXI_GP1 : Port is DISABLED.
XilinxAXIVIP: Found at Path: AndXOR_Testbench.zynq_sys.system_axo_axi_i.processing_system7_0.inst.S_AXI_GP0.slave
[0] : *ZYNQ_VIP_INFO : S_AXI_GP0 : Port is DISABLED.
XilinxAXIVIP: Found at Path: AndXOR_Testbench.zynq_sys.system_axo_axi_i.processing_system7_0.inst.S_AXI_GP1.slave
[0] : *ZYNQ_VIP_INFO : S_AXI_GP1 : Port is DISABLED.
XilinxAXIVIP: Found at Path: AndXOR_Testbench.zynq_sys.system_axo_axi_i.processing_system7_0.inst.S_AXI_HP0.slave
[0] : *ZYNQ_VIP_INFO : S_AXI_HP0 : Port is DISABLED.
XilinxAXIVIP: Found at Path: AndXOR_Testbench.zynq_sys.system_axo_axi_i.processing_system7_0.inst.S_AXI_HP1.slave
[0] : *ZYNQ_VIP_INFO : S_AXI_HP1 : Port is DISABLED.
XilinxAXIVIP: Found at Path: AndXOR_Testbench.zynq_sys.system_axo_axi_i.processing_system7_0.inst.S_AXI_HP2.slave
[0] : *ZYNQ_VIP_INFO : S_AXI_HP2 : Port is DISABLED.
XilinxAXIVIP: Found at Path: AndXOR_Testbench.zynq_sys.system_axo_axi_i.processing_system7_0.inst.S_AXI_HP3.slave
[0] : *ZYNQ_VIP_INFO : S_AXI_HP3 : Port is DISABLED.
XilinxAXIVIP: Found at Path: AndXOR_Testbench.zynq_sys.system_axo_axi_i.processing_system7_0.inst.S_AXI_ACP.slave
[0] : *ZYNQ_VIP_INFO : S_AXI_ACP : Port is DISABLED.
running the tb
[150] : *ZYNQ_VIP_INFO : FPGA Soft Reset called for 0x1
[150] : *ZYNQ_VIP_INFO : FPGA Soft Reset called for 0x0
1
[250] : M_AXI_GP0 : *ZYNQ_VIP_INFO : Starting Address(0x40000000) -> AXI Write -> 4 bytes
[2550] : M_AXI_GP0 : *ZYNQ_VIP_INFO : Done AXI Write for Starting Address(0x40000000) with Response 'OKAY'
          0
[2560] : M_AXI_GP0 : *ZYNQ_VIP_INFO : Starting Address(0x40000004) -> AXI Write -> 4 bytes
[3210] : M_AXI_GP0 : *ZYNQ_VIP_INFO : Done AXI Write for Starting Address(0x40000004) with Response 'OKAY'
          4
[3220] : M_AXI_GP0 : *ZYNQ_VIP_INFO : Starting Address(0x40000008) -> AXI Write -> 4 bytes
[3750] : M_AXI_GP0 : *ZYNQ_VIP_INFO : Done AXI Write for Starting Address(0x40000008) with Response 'OKAY'
          8
[3760] : M_AXI_GP0 : *ZYNQ_VIP_INFO : Starting Address(0x4000000c) -> AXI Write -> 4 bytes
[4410] : M_AXI_GP0 : *ZYNQ_VIP_INFO : Done AXI Write for Starting Address(0x4000000c) with Response 'OKAY'
         12
[4420] : M_AXI_GP0 : *ZYNQ_VIP_INFO : Starting Address(0x40000010) -> AXI Write -> 4 bytes
[5130] : M_AXI_GP0 : *ZYNQ_VIP_INFO : Done AXI Write for Starting Address(0x40000010) with Response 'OKAY'
         16
[5140] : M_AXI_GP0 : *ZYNQ_VIP_INFO : Starting Address(0x40000014) -> AXI Write -> 4 bytes
[5730] : M_AXI_GP0 : *ZYNQ_VIP_INFO : Done AXI Write for Starting Address(0x40000014) with Response 'OKAY'
         20
[5740] : M_AXI_GP0 : *ZYNQ_VIP_INFO : Starting Address(0x40000018) -> AXI Write -> 4 bytes
[6270] : M_AXI_GP0 : *ZYNQ_VIP_INFO : Done AXI Write for Starting Address(0x40000018) with Response 'OKAY'
         24
[6280] : M_AXI_GP0 : *ZYNQ_VIP_INFO : Starting Address(0x4000001c) -> AXI Write -> 4 bytes
[6990] : M_AXI_GP0 : *ZYNQ_VIP_INFO : Done AXI Write for Starting Address(0x4000001c) with Response 'OKAY'
         28
[7000] : M_AXI_GP0 : *ZYNQ_VIP_INFO : Starting Address(0x40000020) -> AXI Write -> 4 bytes
[7650] : M_AXI_GP0 : *ZYNQ_VIP_INFO : Done AXI Write for Starting Address(0x40000020) with Response 'OKAY'
         32
[7660] : M_AXI_GP0 : *ZYNQ_VIP_INFO : Starting Address(0x40000024) -> AXI Write -> 4 bytes
[8190] : M_AXI_GP0 : *ZYNQ_VIP_INFO : Done AXI Write for Starting Address(0x40000024) with Response 'OKAY'
         36
[8200] : M_AXI_GP0 : *ZYNQ_VIP_INFO : Starting Address(0x40000028) -> AXI Write -> 4 bytes
[8910] : M_AXI_GP0 : *ZYNQ_VIP_INFO : Done AXI Write for Starting Address(0x40000028) with Response 'OKAY'
         40
[8920] : M_AXI_GP0 : *ZYNQ_VIP_INFO : Starting Address(0x4000002c) -> AXI Write -> 4 bytes
[9450] : M_AXI_GP0 : *ZYNQ_VIP_INFO : Done AXI Write for Starting Address(0x4000002c) with Response 'OKAY'
         44
[9460] : M_AXI_GP0 : *ZYNQ_VIP_INFO : Starting Address(0x40000030) -> AXI Write -> 4 bytes
[10110] : M_AXI_GP0 : *ZYNQ_VIP_INFO : Done AXI Write for Starting Address(0x40000030) with Response 'OKAY'
         48
[10120] : M_AXI_GP0 : *ZYNQ_VIP_INFO : Starting Address(0x40000034) -> AXI Write -> 4 bytes
[10650] : M_AXI_GP0 : *ZYNQ_VIP_INFO : Done AXI Write for Starting Address(0x40000034) with Response 'OKAY'
         52
[10660] : M_AXI_GP0 : *ZYNQ_VIP_INFO : Starting Address(0x40000038) -> AXI Write -> 4 bytes
[11250] : M_AXI_GP0 : *ZYNQ_VIP_INFO : Done AXI Write for Starting Address(0x40000038) with Response 'OKAY'
         56
[11260] : M_AXI_GP0 : *ZYNQ_VIP_INFO : Starting Address(0x4000003c) -> AXI Write -> 4 bytes
[11850] : M_AXI_GP0 : *ZYNQ_VIP_INFO : Done AXI Write for Starting Address(0x4000003c) with Response 'OKAY'
         60
[11860] : M_AXI_GP0 : *ZYNQ_VIP_INFO : Starting Address(0x40000040) -> AXI Write -> 4 bytes
[12510] : M_AXI_GP0 : *ZYNQ_VIP_INFO : Done AXI Write for Starting Address(0x40000040) with Response 'OKAY'
         64
[12520] : M_AXI_GP0 : *ZYNQ_VIP_INFO : Starting Address(0x40000044) -> AXI Write -> 4 bytes
[13230] : M_AXI_GP0 : *ZYNQ_VIP_INFO : Done AXI Write for Starting Address(0x40000044) with Response 'OKAY'
         68
[13240] : M_AXI_GP0 : *ZYNQ_VIP_INFO : Starting Address(0x40000048) -> AXI Write -> 4 bytes
[14010] : M_AXI_GP0 : *ZYNQ_VIP_INFO : Done AXI Write for Starting Address(0x40000048) with Response 'OKAY'
         72
[14020] : M_AXI_GP0 : *ZYNQ_VIP_INFO : Starting Address(0x4000004c) -> AXI Write -> 4 bytes
[14850] : M_AXI_GP0 : *ZYNQ_VIP_INFO : Done AXI Write for Starting Address(0x4000004c) with Response 'OKAY'
         76
[14860] : M_AXI_GP0 : *ZYNQ_VIP_INFO : Starting Address(0x40000050) -> AXI Write -> 4 bytes
[15630] : M_AXI_GP0 : *ZYNQ_VIP_INFO : Done AXI Write for Starting Address(0x40000050) with Response 'OKAY'
         80
[15640] : M_AXI_GP0 : *ZYNQ_VIP_INFO : Starting Address(0x40000054) -> AXI Write -> 4 bytes
[16410] : M_AXI_GP0 : *ZYNQ_VIP_INFO : Done AXI Write for Starting Address(0x40000054) with Response 'OKAY'
         84
[16420] : M_AXI_GP0 : *ZYNQ_VIP_INFO : Starting Address(0x40000058) -> AXI Write -> 4 bytes
[16950] : M_AXI_GP0 : *ZYNQ_VIP_INFO : Done AXI Write for Starting Address(0x40000058) with Response 'OKAY'
         88
[16960] : M_AXI_GP0 : *ZYNQ_VIP_INFO : Starting Address(0x4000005c) -> AXI Write -> 4 bytes
[17490] : M_AXI_GP0 : *ZYNQ_VIP_INFO : Done AXI Write for Starting Address(0x4000005c) with Response 'OKAY'
         92
[17500] : M_AXI_GP0 : *ZYNQ_VIP_INFO : Starting Address(0x40000060) -> AXI Write -> 4 bytes
[18210] : M_AXI_GP0 : *ZYNQ_VIP_INFO : Done AXI Write for Starting Address(0x40000060) with Response 'OKAY'
         96
[18220] : M_AXI_GP0 : *ZYNQ_VIP_INFO : Starting Address(0x40000064) -> AXI Write -> 4 bytes
[18750] : M_AXI_GP0 : *ZYNQ_VIP_INFO : Done AXI Write for Starting Address(0x40000064) with Response 'OKAY'
        100
[18760] : M_AXI_GP0 : *ZYNQ_VIP_INFO : Starting Address(0x40000068) -> AXI Write -> 4 bytes
[19530] : M_AXI_GP0 : *ZYNQ_VIP_INFO : Done AXI Write for Starting Address(0x40000068) with Response 'OKAY'
        104
[19540] : M_AXI_GP0 : *ZYNQ_VIP_INFO : Starting Address(0x4000006c) -> AXI Write -> 4 bytes
[20250] : M_AXI_GP0 : *ZYNQ_VIP_INFO : Done AXI Write for Starting Address(0x4000006c) with Response 'OKAY'
        108
[20260] : M_AXI_GP0 : *ZYNQ_VIP_INFO : Starting Address(0x40000070) -> AXI Write -> 4 bytes
[20790] : M_AXI_GP0 : *ZYNQ_VIP_INFO : Done AXI Write for Starting Address(0x40000070) with Response 'OKAY'
        112
[20800] : M_AXI_GP0 : *ZYNQ_VIP_INFO : Starting Address(0x40000074) -> AXI Write -> 4 bytes
[21450] : M_AXI_GP0 : *ZYNQ_VIP_INFO : Done AXI Write for Starting Address(0x40000074) with Response 'OKAY'
        116
[21460] : M_AXI_GP0 : *ZYNQ_VIP_INFO : Starting Address(0x40000078) -> AXI Write -> 4 bytes
[22050] : M_AXI_GP0 : *ZYNQ_VIP_INFO : Done AXI Write for Starting Address(0x40000078) with Response 'OKAY'
        120
[22060] : M_AXI_GP0 : *ZYNQ_VIP_INFO : Starting Address(0x4000007c) -> AXI Write -> 4 bytes
[22770] : M_AXI_GP0 : *ZYNQ_VIP_INFO : Done AXI Write for Starting Address(0x4000007c) with Response 'OKAY'
        124
[22780] : M_AXI_GP0 : *ZYNQ_VIP_INFO : Starting Address(0x40000080) -> AXI Write -> 4 bytes
[23370] : M_AXI_GP0 : *ZYNQ_VIP_INFO : Done AXI Write for Starting Address(0x40000080) with Response 'OKAY'
        128
[23380] : M_AXI_GP0 : *ZYNQ_VIP_INFO : Starting Address(0x40000084) -> AXI Write -> 4 bytes
[23910] : M_AXI_GP0 : *ZYNQ_VIP_INFO : Done AXI Write for Starting Address(0x40000084) with Response 'OKAY'
        132
[23920] : M_AXI_GP0 : *ZYNQ_VIP_INFO : Starting Address(0x40000088) -> AXI Write -> 4 bytes
[24690] : M_AXI_GP0 : *ZYNQ_VIP_INFO : Done AXI Write for Starting Address(0x40000088) with Response 'OKAY'
        136
[24700] : M_AXI_GP0 : *ZYNQ_VIP_INFO : Starting Address(0x4000008c) -> AXI Write -> 4 bytes
[25230] : M_AXI_GP0 : *ZYNQ_VIP_INFO : Done AXI Write for Starting Address(0x4000008c) with Response 'OKAY'
        140
[25240] : M_AXI_GP0 : *ZYNQ_VIP_INFO : Starting Address(0x40000090) -> AXI Write -> 4 bytes
[25770] : M_AXI_GP0 : *ZYNQ_VIP_INFO : Done AXI Write for Starting Address(0x40000090) with Response 'OKAY'
        144
[25780] : M_AXI_GP0 : *ZYNQ_VIP_INFO : Starting Address(0x40000094) -> AXI Write -> 4 bytes
[26550] : M_AXI_GP0 : *ZYNQ_VIP_INFO : Done AXI Write for Starting Address(0x40000094) with Response 'OKAY'
        148
[26560] : M_AXI_GP0 : *ZYNQ_VIP_INFO : Starting Address(0x40000098) -> AXI Write -> 4 bytes
[27090] : M_AXI_GP0 : *ZYNQ_VIP_INFO : Done AXI Write for Starting Address(0x40000098) with Response 'OKAY'
        152
[27100] : M_AXI_GP0 : *ZYNQ_VIP_INFO : Starting Address(0x4000009c) -> AXI Write -> 4 bytes
[27750] : M_AXI_GP0 : *ZYNQ_VIP_INFO : Done AXI Write for Starting Address(0x4000009c) with Response 'OKAY'
        156
[27760] : M_AXI_GP0 : *ZYNQ_VIP_INFO : Starting Address(0x400000a0) -> AXI Write -> 4 bytes
[28290] : M_AXI_GP0 : *ZYNQ_VIP_INFO : Done AXI Write for Starting Address(0x400000a0) with Response 'OKAY'
        160
[28300] : M_AXI_GP0 : *ZYNQ_VIP_INFO : Starting Address(0x400000a4) -> AXI Write -> 4 bytes
[29070] : M_AXI_GP0 : *ZYNQ_VIP_INFO : Done AXI Write for Starting Address(0x400000a4) with Response 'OKAY'
        164
[29080] : M_AXI_GP0 : *ZYNQ_VIP_INFO : Starting Address(0x400000a8) -> AXI Write -> 4 bytes
[29670] : M_AXI_GP0 : *ZYNQ_VIP_INFO : Done AXI Write for Starting Address(0x400000a8) with Response 'OKAY'
        168
[29680] : M_AXI_GP0 : *ZYNQ_VIP_INFO : Starting Address(0x400000ac) -> AXI Write -> 4 bytes
[30210] : M_AXI_GP0 : *ZYNQ_VIP_INFO : Done AXI Write for Starting Address(0x400000ac) with Response 'OKAY'
        172
[30220] : M_AXI_GP0 : *ZYNQ_VIP_INFO : Starting Address(0x400000b0) -> AXI Write -> 4 bytes
[30750] : M_AXI_GP0 : *ZYNQ_VIP_INFO : Done AXI Write for Starting Address(0x400000b0) with Response 'OKAY'
        176
[30760] : M_AXI_GP0 : *ZYNQ_VIP_INFO : Starting Address(0x400000b4) -> AXI Write -> 4 bytes
[31290] : M_AXI_GP0 : *ZYNQ_VIP_INFO : Done AXI Write for Starting Address(0x400000b4) with Response 'OKAY'
        180
[31300] : M_AXI_GP0 : *ZYNQ_VIP_INFO : Starting Address(0x400000b8) -> AXI Write -> 4 bytes
[31890] : M_AXI_GP0 : *ZYNQ_VIP_INFO : Done AXI Write for Starting Address(0x400000b8) with Response 'OKAY'
        184
[31900] : M_AXI_GP0 : *ZYNQ_VIP_INFO : Starting Address(0x400000bc) -> AXI Write -> 4 bytes
[32430] : M_AXI_GP0 : *ZYNQ_VIP_INFO : Done AXI Write for Starting Address(0x400000bc) with Response 'OKAY'
        188
[32440] : M_AXI_GP0 : *ZYNQ_VIP_INFO : Starting Address(0x400000c0) -> AXI Write -> 4 bytes
[33030] : M_AXI_GP0 : *ZYNQ_VIP_INFO : Done AXI Write for Starting Address(0x400000c0) with Response 'OKAY'
        192
[33040] : M_AXI_GP0 : *ZYNQ_VIP_INFO : Starting Address(0x400000c4) -> AXI Write -> 4 bytes
[33690] : M_AXI_GP0 : *ZYNQ_VIP_INFO : Done AXI Write for Starting Address(0x400000c4) with Response 'OKAY'
        196
[33700] : M_AXI_GP0 : *ZYNQ_VIP_INFO : Starting Address(0x400000c8) -> AXI Write -> 4 bytes
[34410] : M_AXI_GP0 : *ZYNQ_VIP_INFO : Done AXI Write for Starting Address(0x400000c8) with Response 'OKAY'
        200
[34420] : M_AXI_GP0 : *ZYNQ_VIP_INFO : Starting Address(0x400000cc) -> AXI Write -> 4 bytes
[35010] : M_AXI_GP0 : *ZYNQ_VIP_INFO : Done AXI Write for Starting Address(0x400000cc) with Response 'OKAY'
        204
[35020] : M_AXI_GP0 : *ZYNQ_VIP_INFO : Starting Address(0x400000d0) -> AXI Write -> 4 bytes
[35610] : M_AXI_GP0 : *ZYNQ_VIP_INFO : Done AXI Write for Starting Address(0x400000d0) with Response 'OKAY'
        208
[35620] : M_AXI_GP0 : *ZYNQ_VIP_INFO : Starting Address(0x400000d4) -> AXI Write -> 4 bytes
[36390] : M_AXI_GP0 : *ZYNQ_VIP_INFO : Done AXI Write for Starting Address(0x400000d4) with Response 'OKAY'
        212
[36400] : M_AXI_GP0 : *ZYNQ_VIP_INFO : Starting Address(0x400000d8) -> AXI Write -> 4 bytes
[37050] : M_AXI_GP0 : *ZYNQ_VIP_INFO : Done AXI Write for Starting Address(0x400000d8) with Response 'OKAY'
        216
[37060] : M_AXI_GP0 : *ZYNQ_VIP_INFO : Starting Address(0x400000dc) -> AXI Write -> 4 bytes
[37710] : M_AXI_GP0 : *ZYNQ_VIP_INFO : Done AXI Write for Starting Address(0x400000dc) with Response 'OKAY'
        220
[37720] : M_AXI_GP0 : *ZYNQ_VIP_INFO : Starting Address(0x400000e0) -> AXI Write -> 4 bytes
[38250] : M_AXI_GP0 : *ZYNQ_VIP_INFO : Done AXI Write for Starting Address(0x400000e0) with Response 'OKAY'
        224
[38260] : M_AXI_GP0 : *ZYNQ_VIP_INFO : Starting Address(0x400000e4) -> AXI Write -> 4 bytes
[38850] : M_AXI_GP0 : *ZYNQ_VIP_INFO : Done AXI Write for Starting Address(0x400000e4) with Response 'OKAY'
        228
[38860] : M_AXI_GP0 : *ZYNQ_VIP_INFO : Starting Address(0x400000e8) -> AXI Write -> 4 bytes
[39630] : M_AXI_GP0 : *ZYNQ_VIP_INFO : Done AXI Write for Starting Address(0x400000e8) with Response 'OKAY'
        232
[39640] : M_AXI_GP0 : *ZYNQ_VIP_INFO : Starting Address(0x400000ec) -> AXI Write -> 4 bytes
[40410] : M_AXI_GP0 : *ZYNQ_VIP_INFO : Done AXI Write for Starting Address(0x400000ec) with Response 'OKAY'
        236
[40420] : M_AXI_GP0 : *ZYNQ_VIP_INFO : Starting Address(0x400000f0) -> AXI Write -> 4 bytes
[40950] : M_AXI_GP0 : *ZYNQ_VIP_INFO : Done AXI Write for Starting Address(0x400000f0) with Response 'OKAY'
        240
[40960] : M_AXI_GP0 : *ZYNQ_VIP_INFO : Starting Address(0x400000f4) -> AXI Write -> 4 bytes
[41490] : M_AXI_GP0 : *ZYNQ_VIP_INFO : Done AXI Write for Starting Address(0x400000f4) with Response 'OKAY'
        244
[41500] : M_AXI_GP0 : *ZYNQ_VIP_INFO : Starting Address(0x400000f8) -> AXI Write -> 4 bytes
[42270] : M_AXI_GP0 : *ZYNQ_VIP_INFO : Done AXI Write for Starting Address(0x400000f8) with Response 'OKAY'
        248
[42280] : M_AXI_GP0 : *ZYNQ_VIP_INFO : Starting Address(0x400000fc) -> AXI Write -> 4 bytes
[42810] : M_AXI_GP0 : *ZYNQ_VIP_INFO : Done AXI Write for Starting Address(0x400000fc) with Response 'OKAY'
        252
[42820] : M_AXI_GP0 : *ZYNQ_VIP_INFO : Starting Address(0x40000100) -> AXI Write -> 4 bytes
[43530] : M_AXI_GP0 : *ZYNQ_VIP_INFO : Done AXI Write for Starting Address(0x40000100) with Response 'OKAY'
        256
[43540] : M_AXI_GP0 : *ZYNQ_VIP_INFO : Starting Address(0x40000104) -> AXI Write -> 4 bytes
[44250] : M_AXI_GP0 : *ZYNQ_VIP_INFO : Done AXI Write for Starting Address(0x40000104) with Response 'OKAY'
        260
[44260] : M_AXI_GP0 : *ZYNQ_VIP_INFO : Starting Address(0x40000108) -> AXI Write -> 4 bytes
[44790] : M_AXI_GP0 : *ZYNQ_VIP_INFO : Done AXI Write for Starting Address(0x40000108) with Response 'OKAY'
        264
[44800] : M_AXI_GP0 : *ZYNQ_VIP_INFO : Starting Address(0x4000010c) -> AXI Write -> 4 bytes
[45330] : M_AXI_GP0 : *ZYNQ_VIP_INFO : Done AXI Write for Starting Address(0x4000010c) with Response 'OKAY'
        268
[45340] : M_AXI_GP0 : *ZYNQ_VIP_INFO : Starting Address(0x40000110) -> AXI Write -> 4 bytes
[45930] : M_AXI_GP0 : *ZYNQ_VIP_INFO : Done AXI Write for Starting Address(0x40000110) with Response 'OKAY'
        272
[45940] : M_AXI_GP0 : *ZYNQ_VIP_INFO : Starting Address(0x40000114) -> AXI Write -> 4 bytes
[46590] : M_AXI_GP0 : *ZYNQ_VIP_INFO : Done AXI Write for Starting Address(0x40000114) with Response 'OKAY'
        276
[46600] : M_AXI_GP0 : *ZYNQ_VIP_INFO : Starting Address(0x40000118) -> AXI Write -> 4 bytes
[47370] : M_AXI_GP0 : *ZYNQ_VIP_INFO : Done AXI Write for Starting Address(0x40000118) with Response 'OKAY'
        280
[47380] : M_AXI_GP0 : *ZYNQ_VIP_INFO : Starting Address(0x4000011c) -> AXI Write -> 4 bytes
[48150] : M_AXI_GP0 : *ZYNQ_VIP_INFO : Done AXI Write for Starting Address(0x4000011c) with Response 'OKAY'
        284
[48160] : M_AXI_GP0 : *ZYNQ_VIP_INFO : Starting Address(0x40000120) -> AXI Write -> 4 bytes
[48990] : M_AXI_GP0 : *ZYNQ_VIP_INFO : Done AXI Write for Starting Address(0x40000120) with Response 'OKAY'
        288
[49000] : M_AXI_GP0 : *ZYNQ_VIP_INFO : Starting Address(0x40000124) -> AXI Write -> 4 bytes
[49710] : M_AXI_GP0 : *ZYNQ_VIP_INFO : Done AXI Write for Starting Address(0x40000124) with Response 'OKAY'
        292
[49720] : M_AXI_GP0 : *ZYNQ_VIP_INFO : Starting Address(0x40000128) -> AXI Write -> 4 bytes
[50490] : M_AXI_GP0 : *ZYNQ_VIP_INFO : Done AXI Write for Starting Address(0x40000128) with Response 'OKAY'
        296
[50500] : M_AXI_GP0 : *ZYNQ_VIP_INFO : Starting Address(0x4000012c) -> AXI Write -> 4 bytes
[51030] : M_AXI_GP0 : *ZYNQ_VIP_INFO : Done AXI Write for Starting Address(0x4000012c) with Response 'OKAY'
        300
[51040] : M_AXI_GP0 : *ZYNQ_VIP_INFO : Starting Address(0x40000130) -> AXI Write -> 4 bytes
[51570] : M_AXI_GP0 : *ZYNQ_VIP_INFO : Done AXI Write for Starting Address(0x40000130) with Response 'OKAY'
        304
[51580] : M_AXI_GP0 : *ZYNQ_VIP_INFO : Starting Address(0x40000134) -> AXI Write -> 4 bytes
[52290] : M_AXI_GP0 : *ZYNQ_VIP_INFO : Done AXI Write for Starting Address(0x40000134) with Response 'OKAY'
        308
[52300] : M_AXI_GP0 : *ZYNQ_VIP_INFO : Starting Address(0x40000138) -> AXI Write -> 4 bytes
[52830] : M_AXI_GP0 : *ZYNQ_VIP_INFO : Done AXI Write for Starting Address(0x40000138) with Response 'OKAY'
        312
[52840] : M_AXI_GP0 : *ZYNQ_VIP_INFO : Starting Address(0x4000013c) -> AXI Write -> 4 bytes
[53550] : M_AXI_GP0 : *ZYNQ_VIP_INFO : Done AXI Write for Starting Address(0x4000013c) with Response 'OKAY'
        316
[53560] : M_AXI_GP0 : *ZYNQ_VIP_INFO : Starting Address(0x40000140) -> AXI Write -> 4 bytes
[54090] : M_AXI_GP0 : *ZYNQ_VIP_INFO : Done AXI Write for Starting Address(0x40000140) with Response 'OKAY'
        320
[54100] : M_AXI_GP0 : *ZYNQ_VIP_INFO : Starting Address(0x40000144) -> AXI Write -> 4 bytes
[54630] : M_AXI_GP0 : *ZYNQ_VIP_INFO : Done AXI Write for Starting Address(0x40000144) with Response 'OKAY'
        324
[54640] : M_AXI_GP0 : *ZYNQ_VIP_INFO : Starting Address(0x40000148) -> AXI Write -> 4 bytes
[55410] : M_AXI_GP0 : *ZYNQ_VIP_INFO : Done AXI Write for Starting Address(0x40000148) with Response 'OKAY'
        328
[55420] : M_AXI_GP0 : *ZYNQ_VIP_INFO : Starting Address(0x4000014c) -> AXI Write -> 4 bytes
[56010] : M_AXI_GP0 : *ZYNQ_VIP_INFO : Done AXI Write for Starting Address(0x4000014c) with Response 'OKAY'
        332
[56020] : M_AXI_GP0 : *ZYNQ_VIP_INFO : Starting Address(0x40000150) -> AXI Write -> 4 bytes
[56670] : M_AXI_GP0 : *ZYNQ_VIP_INFO : Done AXI Write for Starting Address(0x40000150) with Response 'OKAY'
        336
[56680] : M_AXI_GP0 : *ZYNQ_VIP_INFO : Starting Address(0x40000154) -> AXI Write -> 4 bytes
[57210] : M_AXI_GP0 : *ZYNQ_VIP_INFO : Done AXI Write for Starting Address(0x40000154) with Response 'OKAY'
        340
[57220] : M_AXI_GP0 : *ZYNQ_VIP_INFO : Starting Address(0x40000158) -> AXI Write -> 4 bytes
[57990] : M_AXI_GP0 : *ZYNQ_VIP_INFO : Done AXI Write for Starting Address(0x40000158) with Response 'OKAY'
        344
[58000] : M_AXI_GP0 : *ZYNQ_VIP_INFO : Starting Address(0x4000015c) -> AXI Write -> 4 bytes
[58770] : M_AXI_GP0 : *ZYNQ_VIP_INFO : Done AXI Write for Starting Address(0x4000015c) with Response 'OKAY'
        348
[58780] : M_AXI_GP0 : *ZYNQ_VIP_INFO : Starting Address(0x40000160) -> AXI Write -> 4 bytes
[59490] : M_AXI_GP0 : *ZYNQ_VIP_INFO : Done AXI Write for Starting Address(0x40000160) with Response 'OKAY'
        352
[59500] : M_AXI_GP0 : *ZYNQ_VIP_INFO : Starting Address(0x40000164) -> AXI Write -> 4 bytes
[60270] : M_AXI_GP0 : *ZYNQ_VIP_INFO : Done AXI Write for Starting Address(0x40000164) with Response 'OKAY'
        356
[60280] : M_AXI_GP0 : *ZYNQ_VIP_INFO : Starting Address(0x40000168) -> AXI Write -> 4 bytes
[60870] : M_AXI_GP0 : *ZYNQ_VIP_INFO : Done AXI Write for Starting Address(0x40000168) with Response 'OKAY'
        360
[60880] : M_AXI_GP0 : *ZYNQ_VIP_INFO : Starting Address(0x4000016c) -> AXI Write -> 4 bytes
[61410] : M_AXI_GP0 : *ZYNQ_VIP_INFO : Done AXI Write for Starting Address(0x4000016c) with Response 'OKAY'
        364
[61420] : M_AXI_GP0 : *ZYNQ_VIP_INFO : Starting Address(0x40000170) -> AXI Write -> 4 bytes
[61950] : M_AXI_GP0 : *ZYNQ_VIP_INFO : Done AXI Write for Starting Address(0x40000170) with Response 'OKAY'
        368
[61960] : M_AXI_GP0 : *ZYNQ_VIP_INFO : Starting Address(0x40000174) -> AXI Write -> 4 bytes
[62610] : M_AXI_GP0 : *ZYNQ_VIP_INFO : Done AXI Write for Starting Address(0x40000174) with Response 'OKAY'
        372
[62620] : M_AXI_GP0 : *ZYNQ_VIP_INFO : Starting Address(0x40000178) -> AXI Write -> 4 bytes
[63210] : M_AXI_GP0 : *ZYNQ_VIP_INFO : Done AXI Write for Starting Address(0x40000178) with Response 'OKAY'
        376
[63220] : M_AXI_GP0 : *ZYNQ_VIP_INFO : Starting Address(0x4000017c) -> AXI Write -> 4 bytes
[63810] : M_AXI_GP0 : *ZYNQ_VIP_INFO : Done AXI Write for Starting Address(0x4000017c) with Response 'OKAY'
        380
[63820] : M_AXI_GP0 : *ZYNQ_VIP_INFO : Starting Address(0x40000180) -> AXI Write -> 4 bytes
[64350] : M_AXI_GP0 : *ZYNQ_VIP_INFO : Done AXI Write for Starting Address(0x40000180) with Response 'OKAY'
        384
[64360] : M_AXI_GP0 : *ZYNQ_VIP_INFO : Starting Address(0x40000184) -> AXI Write -> 4 bytes
[64950] : M_AXI_GP0 : *ZYNQ_VIP_INFO : Done AXI Write for Starting Address(0x40000184) with Response 'OKAY'
        388
[64960] : M_AXI_GP0 : *ZYNQ_VIP_INFO : Starting Address(0x40000188) -> AXI Write -> 4 bytes
[65610] : M_AXI_GP0 : *ZYNQ_VIP_INFO : Done AXI Write for Starting Address(0x40000188) with Response 'OKAY'
        392
[65620] : M_AXI_GP0 : *ZYNQ_VIP_INFO : Starting Address(0x4000018c) -> AXI Write -> 4 bytes
[66150] : M_AXI_GP0 : *ZYNQ_VIP_INFO : Done AXI Write for Starting Address(0x4000018c) with Response 'OKAY'
        396
[66160] : M_AXI_GP0 : *ZYNQ_VIP_INFO : Starting Address(0x40000190) -> AXI Write -> 4 bytes
[66750] : M_AXI_GP0 : *ZYNQ_VIP_INFO : Done AXI Write for Starting Address(0x40000190) with Response 'OKAY'
        400
[66760] : M_AXI_GP0 : *ZYNQ_VIP_INFO : Starting Address(0x40000194) -> AXI Write -> 4 bytes
[67290] : M_AXI_GP0 : *ZYNQ_VIP_INFO : Done AXI Write for Starting Address(0x40000194) with Response 'OKAY'
        404
[67300] : M_AXI_GP0 : *ZYNQ_VIP_INFO : Starting Address(0x40000198) -> AXI Write -> 4 bytes
[67830] : M_AXI_GP0 : *ZYNQ_VIP_INFO : Done AXI Write for Starting Address(0x40000198) with Response 'OKAY'
        408
[67840] : M_AXI_GP0 : *ZYNQ_VIP_INFO : Starting Address(0x4000019c) -> AXI Write -> 4 bytes
[68550] : M_AXI_GP0 : *ZYNQ_VIP_INFO : Done AXI Write for Starting Address(0x4000019c) with Response 'OKAY'
        412
[68560] : M_AXI_GP0 : *ZYNQ_VIP_INFO : Starting Address(0x400001a0) -> AXI Write -> 4 bytes
[69090] : M_AXI_GP0 : *ZYNQ_VIP_INFO : Done AXI Write for Starting Address(0x400001a0) with Response 'OKAY'
        416
[69100] : M_AXI_GP0 : *ZYNQ_VIP_INFO : Starting Address(0x400001a4) -> AXI Write -> 4 bytes
[69630] : M_AXI_GP0 : *ZYNQ_VIP_INFO : Done AXI Write for Starting Address(0x400001a4) with Response 'OKAY'
        420
[69640] : M_AXI_GP0 : *ZYNQ_VIP_INFO : Starting Address(0x400001a8) -> AXI Write -> 4 bytes
[70170] : M_AXI_GP0 : *ZYNQ_VIP_INFO : Done AXI Write for Starting Address(0x400001a8) with Response 'OKAY'
        424
[70180] : M_AXI_GP0 : *ZYNQ_VIP_INFO : Starting Address(0x400001ac) -> AXI Write -> 4 bytes
[70770] : M_AXI_GP0 : *ZYNQ_VIP_INFO : Done AXI Write for Starting Address(0x400001ac) with Response 'OKAY'
        428
[70780] : M_AXI_GP0 : *ZYNQ_VIP_INFO : Starting Address(0x400001b0) -> AXI Write -> 4 bytes
[71550] : M_AXI_GP0 : *ZYNQ_VIP_INFO : Done AXI Write for Starting Address(0x400001b0) with Response 'OKAY'
        432
[71560] : M_AXI_GP0 : *ZYNQ_VIP_INFO : Starting Address(0x400001b4) -> AXI Write -> 4 bytes
[72330] : M_AXI_GP0 : *ZYNQ_VIP_INFO : Done AXI Write for Starting Address(0x400001b4) with Response 'OKAY'
        436
[72340] : M_AXI_GP0 : *ZYNQ_VIP_INFO : Starting Address(0x400001b8) -> AXI Write -> 4 bytes
[72990] : M_AXI_GP0 : *ZYNQ_VIP_INFO : Done AXI Write for Starting Address(0x400001b8) with Response 'OKAY'
        440
[73000] : M_AXI_GP0 : *ZYNQ_VIP_INFO : Starting Address(0x400001bc) -> AXI Write -> 4 bytes
[73530] : M_AXI_GP0 : *ZYNQ_VIP_INFO : Done AXI Write for Starting Address(0x400001bc) with Response 'OKAY'
        444
[73540] : M_AXI_GP0 : *ZYNQ_VIP_INFO : Starting Address(0x400001c0) -> AXI Write -> 4 bytes
[74070] : M_AXI_GP0 : *ZYNQ_VIP_INFO : Done AXI Write for Starting Address(0x400001c0) with Response 'OKAY'
        448
[74080] : M_AXI_GP0 : *ZYNQ_VIP_INFO : Starting Address(0x400001c4) -> AXI Write -> 4 bytes
[74850] : M_AXI_GP0 : *ZYNQ_VIP_INFO : Done AXI Write for Starting Address(0x400001c4) with Response 'OKAY'
        452
[74860] : M_AXI_GP0 : *ZYNQ_VIP_INFO : Starting Address(0x400001c8) -> AXI Write -> 4 bytes
[75630] : M_AXI_GP0 : *ZYNQ_VIP_INFO : Done AXI Write for Starting Address(0x400001c8) with Response 'OKAY'
        456
[75640] : M_AXI_GP0 : *ZYNQ_VIP_INFO : Starting Address(0x400001cc) -> AXI Write -> 4 bytes
[76290] : M_AXI_GP0 : *ZYNQ_VIP_INFO : Done AXI Write for Starting Address(0x400001cc) with Response 'OKAY'
        460
[76300] : M_AXI_GP0 : *ZYNQ_VIP_INFO : Starting Address(0x400001d0) -> AXI Write -> 4 bytes
[76830] : M_AXI_GP0 : *ZYNQ_VIP_INFO : Done AXI Write for Starting Address(0x400001d0) with Response 'OKAY'
        464
[76840] : M_AXI_GP0 : *ZYNQ_VIP_INFO : Starting Address(0x400001d4) -> AXI Write -> 4 bytes
[77370] : M_AXI_GP0 : *ZYNQ_VIP_INFO : Done AXI Write for Starting Address(0x400001d4) with Response 'OKAY'
        468
[77380] : M_AXI_GP0 : *ZYNQ_VIP_INFO : Starting Address(0x400001d8) -> AXI Write -> 4 bytes
[77910] : M_AXI_GP0 : *ZYNQ_VIP_INFO : Done AXI Write for Starting Address(0x400001d8) with Response 'OKAY'
        472
[77920] : M_AXI_GP0 : *ZYNQ_VIP_INFO : Starting Address(0x400001dc) -> AXI Write -> 4 bytes
[78510] : M_AXI_GP0 : *ZYNQ_VIP_INFO : Done AXI Write for Starting Address(0x400001dc) with Response 'OKAY'
        476
[78520] : M_AXI_GP0 : *ZYNQ_VIP_INFO : Starting Address(0x400001e0) -> AXI Write -> 4 bytes
[79350] : M_AXI_GP0 : *ZYNQ_VIP_INFO : Done AXI Write for Starting Address(0x400001e0) with Response 'OKAY'
        480
[79360] : M_AXI_GP0 : *ZYNQ_VIP_INFO : Starting Address(0x400001e4) -> AXI Write -> 4 bytes
[80130] : M_AXI_GP0 : *ZYNQ_VIP_INFO : Done AXI Write for Starting Address(0x400001e4) with Response 'OKAY'
        484
[80140] : M_AXI_GP0 : *ZYNQ_VIP_INFO : Starting Address(0x400001e8) -> AXI Write -> 4 bytes
[80790] : M_AXI_GP0 : *ZYNQ_VIP_INFO : Done AXI Write for Starting Address(0x400001e8) with Response 'OKAY'
        488
[80800] : M_AXI_GP0 : *ZYNQ_VIP_INFO : Starting Address(0x400001ec) -> AXI Write -> 4 bytes
[81390] : M_AXI_GP0 : *ZYNQ_VIP_INFO : Done AXI Write for Starting Address(0x400001ec) with Response 'OKAY'
        492
[81400] : M_AXI_GP0 : *ZYNQ_VIP_INFO : Starting Address(0x400001f0) -> AXI Write -> 4 bytes
[81990] : M_AXI_GP0 : *ZYNQ_VIP_INFO : Done AXI Write for Starting Address(0x400001f0) with Response 'OKAY'
        496
[82000] : M_AXI_GP0 : *ZYNQ_VIP_INFO : Starting Address(0x400001f4) -> AXI Write -> 4 bytes
[82830] : M_AXI_GP0 : *ZYNQ_VIP_INFO : Done AXI Write for Starting Address(0x400001f4) with Response 'OKAY'
        500
done genmat
[82840] : M_AXI_GP0 : *ZYNQ_VIP_INFO : Starting Address(0x400001f8) -> AXI Write -> 4 bytes
[83610] : M_AXI_GP0 : *ZYNQ_VIP_INFO : Done AXI Write for Starting Address(0x400001f8) with Response 'OKAY'
[83610] : M_AXI_GP0 : *ZYNQ_VIP_INFO : Starting Address(0x400001fc) -> AXI Write -> 4 bytes
[84150] : M_AXI_GP0 : *ZYNQ_VIP_INFO : Done AXI Write for Starting Address(0x400001fc) with Response 'OKAY'
Waiting for InputReady
3b
[84150] : M_AXI_GP0 : *ZYNQ_VIP_INFO : Starting Address(0x43c00004) -> AXI Write -> 4 bytes
[84870] : M_AXI_GP0 : *ZYNQ_VIP_INFO : Done AXI Write for Starting Address(0x43c00004) with Response 'OKAY'
[84870] : M_AXI_GP0 : *ZYNQ_VIP_INFO : Starting Address(0x43c00008) -> AXI Write -> 4 bytes
[85650] : M_AXI_GP0 : *ZYNQ_VIP_INFO : Done AXI Write for Starting Address(0x43c00008) with Response 'OKAY'
4
5
[85650] : M_AXI_GP0 : *ZYNQ_VIP_INFO : Starting Address(0x43c0000c) -> AXI Write -> 4 bytes
[86490] : M_AXI_GP0 : *ZYNQ_VIP_INFO : Done AXI Write for Starting Address(0x43c0000c) with Response 'OKAY'
6
Waiting for InputReady
[86590] : M_AXI_GP0 : *ZYNQ_VIP_INFO : Starting Address(0x43c0000c) -> AXI Read -> 4 bytes
[87190] : M_AXI_GP0 : *ZYNQ_VIP_INFO : Done AXI Read for Starting Address(0x43c0000c) with Response 'OKAY'
[87200] : M_AXI_GP0 : *ZYNQ_VIP_INFO : Starting Address(0x43c0000c) -> AXI Read -> 4 bytes
[87850] : M_AXI_GP0 : *ZYNQ_VIP_INFO : Done AXI Read for Starting Address(0x43c0000c) with Response 'OKAY'
[87860] : M_AXI_GP0 : *ZYNQ_VIP_INFO : Starting Address(0x43c0000c) -> AXI Read -> 4 bytes
[88510] : M_AXI_GP0 : *ZYNQ_VIP_INFO : Done AXI Read for Starting Address(0x43c0000c) with Response 'OKAY'
[88520] : M_AXI_GP0 : *ZYNQ_VIP_INFO : Starting Address(0x43c0000c) -> AXI Read -> 4 bytes
[89170] : M_AXI_GP0 : *ZYNQ_VIP_INFO : Done AXI Read for Starting Address(0x43c0000c) with Response 'OKAY'
[89180] : M_AXI_GP0 : *ZYNQ_VIP_INFO : Starting Address(0x43c0000c) -> AXI Read -> 4 bytes
[89830] : M_AXI_GP0 : *ZYNQ_VIP_INFO : Done AXI Read for Starting Address(0x43c0000c) with Response 'OKAY'
[89840] : M_AXI_GP0 : *ZYNQ_VIP_INFO : Starting Address(0x43c0000c) -> AXI Read -> 4 bytes
[90490] : M_AXI_GP0 : *ZYNQ_VIP_INFO : Done AXI Read for Starting Address(0x43c0000c) with Response 'OKAY'
[90500] : M_AXI_GP0 : *ZYNQ_VIP_INFO : Starting Address(0x43c0000c) -> AXI Read -> 4 bytes
[91150] : M_AXI_GP0 : *ZYNQ_VIP_INFO : Done AXI Read for Starting Address(0x43c0000c) with Response 'OKAY'
[91160] : M_AXI_GP0 : *ZYNQ_VIP_INFO : Starting Address(0x43c0000c) -> AXI Read -> 4 bytes
[91810] : M_AXI_GP0 : *ZYNQ_VIP_INFO : Done AXI Read for Starting Address(0x43c0000c) with Response 'OKAY'
[91820] : M_AXI_GP0 : *ZYNQ_VIP_INFO : Starting Address(0x43c0000c) -> AXI Read -> 4 bytes
[92470] : M_AXI_GP0 : *ZYNQ_VIP_INFO : Done AXI Read for Starting Address(0x43c0000c) with Response 'OKAY'
[92480] : M_AXI_GP0 : *ZYNQ_VIP_INFO : Starting Address(0x43c0000c) -> AXI Read -> 4 bytes
[93130] : M_AXI_GP0 : *ZYNQ_VIP_INFO : Done AXI Read for Starting Address(0x43c0000c) with Response 'OKAY'
[93140] : M_AXI_GP0 : *ZYNQ_VIP_INFO : Starting Address(0x43c0000c) -> AXI Read -> 4 bytes
[93790] : M_AXI_GP0 : *ZYNQ_VIP_INFO : Done AXI Read for Starting Address(0x43c0000c) with Response 'OKAY'
[93800] : M_AXI_GP0 : *ZYNQ_VIP_INFO : Starting Address(0x43c0000c) -> AXI Read -> 4 bytes
[94450] : M_AXI_GP0 : *ZYNQ_VIP_INFO : Done AXI Read for Starting Address(0x43c0000c) with Response 'OKAY'
[94460] : M_AXI_GP0 : *ZYNQ_VIP_INFO : Starting Address(0x43c0000c) -> AXI Read -> 4 bytes
[95110] : M_AXI_GP0 : *ZYNQ_VIP_INFO : Done AXI Read for Starting Address(0x43c0000c) with Response 'OKAY'
[95120] : M_AXI_GP0 : *ZYNQ_VIP_INFO : Starting Address(0x43c0000c) -> AXI Read -> 4 bytes
[95770] : M_AXI_GP0 : *ZYNQ_VIP_INFO : Done AXI Read for Starting Address(0x43c0000c) with Response 'OKAY'
[95780] : M_AXI_GP0 : *ZYNQ_VIP_INFO : Starting Address(0x43c0000c) -> AXI Read -> 4 bytes
[96430] : M_AXI_GP0 : *ZYNQ_VIP_INFO : Done AXI Read for Starting Address(0x43c0000c) with Response 'OKAY'
[96440] : M_AXI_GP0 : *ZYNQ_VIP_INFO : Starting Address(0x43c0000c) -> AXI Read -> 4 bytes
[97090] : M_AXI_GP0 : *Z