INFO: [VRFC 10-2263] Analyzing SystemVerilog file "H:/dev/CSASA/bch_fpga_2/bch_fpga_2.srcs/sources_1/bd/system_axo_axi/ipshared/d5d3/hdl/sc_util_v1_0_vl_rfs.sv" into library smartconnect_v1_0
INFO: [VRFC 10-311] analyzing module sc_util_v1_0_2_mux
INFO: [VRFC 10-311] analyzing module sc_util_v1_0_2_standard_mux16
INFO: [VRFC 10-311] analyzing module sc_util_v1_0_2_pipeline
INFO: [VRFC 10-311] analyzing module sc_util_v1_0_2_onehot_to_binary
INFO: [VRFC 10-311] analyzing module sc_util_v1_0_2_counter
INFO: [VRFC 10-311] analyzing module sc_util_v1_0_2_sample_cycle_ratio
INFO: [VRFC 10-311] analyzing module sc_util_v1_0_2_fifo_output_reg
INFO: [VRFC 10-311] analyzing module sc_util_v1_0_2_xpm_memory_fifo
INFO: [VRFC 10-311] analyzing module sc_util_v1_0_2_xpm_fifo_wrapper
INFO: [VRFC 10-311] analyzing module sc_util_v1_0_2_axic_fifo
INFO: [VRFC 10-311] analyzing module sc_util_v1_0_2_axi_splitter
INFO: [VRFC 10-311] analyzing module sc_util_v1_0_2_axi2vector
INFO: [VRFC 10-311] analyzing module sc_util_v1_0_2_vector2axi
INFO: [VRFC 10-311] analyzing module sc_util_v1_0_2_axi_reg_stall
INFO: [VRFC 10-311] analyzing module sc_util_v1_0_2_srl_rtl
INFO: [VRFC 10-311] analyzing module sc_util_v1_0_2_axic_reg_srl_fifo
INFO: [VRFC 10-311] analyzing module sc_util_v1_0_2_axic_register_slice
INFO: [VRFC 10-2263] Analyzing SystemVerilog file "H:/dev/CSASA/bch_fpga_2/bch_fpga_2.srcs/sources_1/bd/system_axo_axi/ipshared/786b/hdl/sc_axi2sc_v1_0_vl_rfs.sv" into library smartconnect_v1_0
INFO: [VRFC 10-311] analyzing module sc_axi2sc_v1_0_5_top
INFO: [VRFC 10-2263] Analyzing SystemVerilog file "H:/dev/CSASA/bch_fpga_2/bch_fpga_2.ip_user_files/bd/system_axo_axi/ip/system_axo_axi_axi_smc_1/bd_0/ip/ip_24/sim/bd_470a_m01arn_0.sv" into library xil_defaultlib
INFO: [VRFC 10-311] analyzing module bd_470a_m01arn_0
INFO: [VRFC 10-2263] Analyzing SystemVerilog file "H:/dev/CSASA/bch_fpga_2/bch_fpga_2.ip_user_files/bd/system_axo_axi/ip/system_axo_axi_axi_smc_1/bd_0/ip/ip_25/sim/bd_470a_m01rn_0.sv" into library xil_defaultlib
INFO: [VRFC 10-311] analyzing module bd_470a_m01rn_0
INFO: [VRFC 10-2263] Analyzing SystemVerilog file "H:/dev/CSASA/bch_fpga_2/bch_fpga_2.ip_user_files/bd/system_axo_axi/ip/system_axo_axi_axi_smc_1/bd_0/ip/ip_26/sim/bd_470a_m01awn_0.sv" into library xil_defaultlib
INFO: [VRFC 10-311] analyzing module bd_470a_m01awn_0
INFO: [VRFC 10-2263] Analyzing SystemVerilog file "H:/dev/CSASA/bch_fpga_2/bch_fpga_2.ip_user_files/bd/system_axo_axi/ip/system_axo_axi_axi_smc_1/bd_0/ip/ip_27/sim/bd_470a_m01wn_0.sv" into library xil_defaultlib
INFO: [VRFC 10-311] analyzing module bd_470a_m01wn_0
INFO: [VRFC 10-2263] Analyzing SystemVerilog file "H:/dev/CSASA/bch_fpga_2/bch_fpga_2.ip_user_files/bd/system_axo_axi/ip/system_axo_axi_axi_smc_1/bd_0/ip/ip_28/sim/bd_470a_m01bn_0.sv" into library xil_defaultlib
INFO: [VRFC 10-311] analyzing module bd_470a_m01bn_0
INFO: [VRFC 10-2263] Analyzing SystemVerilog file "H:/dev/CSASA/bch_fpga_2/bch_fpga_2.ip_user_files/bd/system_axo_axi/ip/system_axo_axi_axi_smc_1/bd_0/ip/ip_22/sim/bd_470a_m00e_0.sv" into library xil_defaultlib
INFO: [VRFC 10-311] analyzing module bd_470a_m00e_0
INFO: [VRFC 10-2263] Analyzing SystemVerilog file "H:/dev/CSASA/bch_fpga_2/bch_fpga_2.ip_user_files/bd/system_axo_axi/ip/system_axo_axi_axi_smc_1/bd_0/ip/ip_17/sim/bd_470a_m00arn_0.sv" into library xil_defaultlib
INFO: [VRFC 10-311] analyzing module bd_470a_m00arn_0
INFO: [VRFC 10-2263] Analyzing SystemVerilog file "H:/dev/CSASA/bch_fpga_2/bch_fpga_2.ip_user_files/bd/system_axo_axi/ip/system_axo_axi_axi_smc_1/bd_0/ip/ip_18/sim/bd_470a_m00rn_0.sv" into library xil_defaultlib
INFO: [VRFC 10-311] analyzing module bd_470a_m00rn_0
INFO: [VRFC 10-2263] Analyzing SystemVerilog file "H:/dev/CSASA/bch_fpga_2/bch_fpga_2.ip_user_files/bd/system_axo_axi/ip/system_axo_axi_axi_smc_1/bd_0/ip/ip_19/sim/bd_470a_m00awn_0.sv" into library xil_defaultlib
INFO: [VRFC 10-311] analyzing module bd_470a_m00awn_0
INFO: [VRFC 10-2263] Analyzing SystemVerilog file "H:/dev/CSASA/bch_fpga_2/bch_fpga_2.ip_user_files/bd/system_axo_axi/ip/system_axo_axi_axi_smc_1/bd_0/ip/ip_20/sim/bd_470a_m00wn_0.sv" into library xil_defaultlib
INFO: [VRFC 10-311] analyzing module bd_470a_m00wn_0
INFO: [VRFC 10-2263] Analyzing SystemVerilog file "H:/dev/CSASA/bch_fpga_2/bch_fpga_2.ip_user_files/bd/system_axo_axi/ip/system_axo_axi_axi_smc_1/bd_0/ip/ip_21/sim/bd_470a_m00bn_0.sv" into library xil_defaultlib
INFO: [VRFC 10-311] analyzing module bd_470a_m00bn_0
INFO: [VRFC 10-2263] Analyzing SystemVerilog file "H:/dev/CSASA/bch_fpga_2/bch_fpga_2.ip_user_files/bd/system_axo_axi/ip/system_axo_axi_axi_smc_1/bd_0/ip/ip_11/sim/bd_470a_sarn_0.sv" into library xil_defaultlib
INFO: [VRFC 10-311] analyzing module bd_470a_sarn_0
INFO: [VRFC 10-2263] Analyzing SystemVerilog file "H:/dev/CSASA/bch_fpga_2/bch_fpga_2.ip_user_files/bd/system_axo_axi/ip/system_axo_axi_axi_smc_1/bd_0/ip/ip_12/sim/bd_470a_srn_0.sv" into library xil_defaultlib
INFO: [VRFC 10-311] analyzing module bd_470a_srn_0
INFO: [VRFC 10-2263] Analyzing SystemVerilog file "H:/dev/CSASA/bch_fpga_2/bch_fpga_2.ip_user_files/bd/system_axo_axi/ip/system_axo_axi_axi_smc_1/bd_0/ip/ip_13/sim/bd_470a_sawn_0.sv" into library xil_defaultlib
INFO: [VRFC 10-311] analyzing module bd_470a_sawn_0
INFO: [VRFC 10-2263] Analyzing SystemVerilog file "H:/dev/CSASA/bch_fpga_2/bch_fpga_2.ip_user_files/bd/system_axo_axi/ip/system_axo_axi_axi_smc_1/bd_0/ip/ip_14/sim/bd_470a_swn_0.sv" into library xil_defaultlib
INFO: [VRFC 10-311] analyzing module bd_470a_swn_0
INFO: [VRFC 10-2263] Analyzing SystemVerilog file "H:/dev/CSASA/bch_fpga_2/bch_fpga_2.ip_user_files/bd/system_axo_axi/ip/system_axo_axi_axi_smc_1/bd_0/ip/ip_15/sim/bd_470a_sbn_0.sv" into library xil_defaultlib
INFO: [VRFC 10-311] analyzing module bd_470a_sbn_0
INFO: [VRFC 10-2263] Analyzing SystemVerilog file "H:/dev/CSASA/bch_fpga_2/bch_fpga_2.ip_user_files/bd/system_axo_axi/ip/system_axo_axi_axi_smc_1/bd_0/ip/ip_2/sim/bd_470a_arsw_0.sv" into library xil_defaultlib
INFO: [VRFC 10-311] analyzing module bd_470a_arsw_0
INFO: [VRFC 10-2263] Analyzing SystemVerilog file "H:/dev/CSASA/bch_fpga_2/bch_fpga_2.ip_user_files/bd/system_axo_axi/ip/system_axo_axi_axi_smc_1/bd_0/ip/ip_3/sim/bd_470a_rsw_0.sv" into library xil_defaultlib
INFO: [VRFC 10-311] analyzing module bd_470a_rsw_0
INFO: [VRFC 10-2263] Analyzing SystemVerilog file "H:/dev/CSASA/bch_fpga_2/bch_fpga_2.ip_user_files/bd/system_axo_axi/ip/system_axo_axi_axi_smc_1/bd_0/ip/ip_4/sim/bd_470a_awsw_0.sv" into library xil_defaultlib
INFO: [VRFC 10-311] analyzing module bd_470a_awsw_0
INFO: [VRFC 10-2263] Analyzing SystemVerilog file "H:/dev/CSASA/bch_fpga_2/bch_fpga_2.ip_user_files/bd/system_axo_axi/ip/system_axo_axi_axi_smc_1/bd_0/ip/ip_5/sim/bd_470a_wsw_0.sv" into library xil_defaultlib
INFO: [VRFC 10-311] analyzing module bd_470a_wsw_0
INFO: [VRFC 10-2263] Analyzing SystemVerilog file "H:/dev/CSASA/bch_fpga_2/bch_fpga_2.ip_user_files/bd/system_axo_axi/ip/system_axo_axi_axi_smc_1/bd_0/ip/ip_6/sim/bd_470a_bsw_0.sv" into library xil_defaultlib
INFO: [VRFC 10-311] analyzing module bd_470a_bsw_0
