
*** Running vivado
    with args -log system_axo_axi_axi_smc_1.vds -m64 -product Vivado -mode batch -messageDb vivado.pb -notrace -source system_axo_axi_axi_smc_1.tcl


****** Vivado v2017.3 (64-bit)
  **** SW Build 2018833 on Wed Oct  4 19:58:22 MDT 2017
  **** IP Build 2016188 on Wed Oct  4 21:52:56 MDT 2017
    ** Copyright 1986-2017 Xilinx, Inc. All Rights Reserved.

source system_axo_axi_axi_smc_1.tcl -notrace
CRITICAL WARNING: [Board 49-4] Problem parsing board_part file - C:/Xilinx/Vivado/2017.3/data/boards/board_files/zybo-z7-10/board.xml, Invalid xml file C:/Xilinx/Vivado/2017.3/data/boards/board_files/zybo-z7-10/board.xml: equal sign expected
Starting RTL Elaboration : Time (s): cpu = 00:00:08 ; elapsed = 00:00:09 . Memory (MB): peak = 384.617 ; gain = 102.965
INFO: [Synth 8-638] synthesizing module 'system_axo_axi_axi_smc_1' [h:/dev/CSASA/bch_fpga_2/bch_fpga_2.srcs/sources_1/bd/system_axo_axi/ip/system_axo_axi_axi_smc_1/synth/system_axo_axi_axi_smc_1.v:57]
INFO: [Synth 8-638] synthesizing module 'bd_470a' [h:/dev/CSASA/bch_fpga_2/bch_fpga_2.srcs/sources_1/bd/system_axo_axi/ip/system_axo_axi_axi_smc_1/bd_0/synth/bd_470a.v:10]
INFO: [Synth 8-638] synthesizing module 'clk_map_imp_14061T0' [h:/dev/CSASA/bch_fpga_2/bch_fpga_2.srcs/sources_1/bd/system_axo_axi/ip/system_axo_axi_axi_smc_1/bd_0/synth/bd_470a.v:1319]
INFO: [Synth 8-638] synthesizing module 'bd_470a_one_0' [h:/dev/CSASA/bch_fpga_2/bch_fpga_2.srcs/sources_1/bd/system_axo_axi/ip/system_axo_axi_axi_smc_1/bd_0/ip/ip_0/synth/bd_470a_one_0.v:57]
INFO: [Synth 8-638] synthesizing module 'xlconstant_v1_1_3_xlconstant' [h:/dev/CSASA/bch_fpga_2/bch_fpga_2.srcs/sources_1/bd/system_axo_axi/ipshared/0750/hdl/xlconstant_v1_1_vl_rfs.v:23]
INFO: [Synth 8-256] done synthesizing module 'xlconstant_v1_1_3_xlconstant' (1#1) [h:/dev/CSASA/bch_fpga_2/bch_fpga_2.srcs/sources_1/bd/system_axo_axi/ipshared/0750/hdl/xlconstant_v1_1_vl_rfs.v:23]
INFO: [Synth 8-256] done synthesizing module 'bd_470a_one_0' (2#1) [h:/dev/CSASA/bch_fpga_2/bch_fpga_2.srcs/sources_1/bd/system_axo_axi/ip/system_axo_axi_axi_smc_1/bd_0/ip/ip_0/synth/bd_470a_one_0.v:57]
INFO: [Synth 8-638] synthesizing module 'bd_470a_psr_aclk_0' [h:/dev/CSASA/bch_fpga_2/bch_fpga_2.srcs/sources_1/bd/system_axo_axi/ip/system_axo_axi_axi_smc_1/bd_0/ip/ip_1/synth/bd_470a_psr_aclk_0.vhd:74]
INFO: [Synth 8-638] synthesizing module 'proc_sys_reset' [h:/dev/CSASA/bch_fpga_2/bch_fpga_2.srcs/sources_1/bd/system_axo_axi/ipshared/f86a/hdl/proc_sys_reset_v5_0_vh_rfs.vhd:1323]
INFO: [Synth 8-638] synthesizing module 'lpf' [h:/dev/CSASA/bch_fpga_2/bch_fpga_2.srcs/sources_1/bd/system_axo_axi/ipshared/f86a/hdl/proc_sys_reset_v5_0_vh_rfs.vhd:816]
INFO: [Synth 8-638] synthesizing module 'SRL16' [C:/Xilinx/Vivado/2017.3/scripts/rt/data/unisim_comp.v:50689]
INFO: [Synth 8-256] done synthesizing module 'SRL16' (3#1) [C:/Xilinx/Vivado/2017.3/scripts/rt/data/unisim_comp.v:50689]
INFO: [Synth 8-638] synthesizing module 'cdc_sync' [h:/dev/CSASA/bch_fpga_2/bch_fpga_2.srcs/sources_1/bd/system_axo_axi/ipshared/ef1e/hdl/lib_cdc_v1_0_rfs.vhd:106]
INFO: [Synth 8-256] done synthesizing module 'cdc_sync' (4#1) [h:/dev/CSASA/bch_fpga_2/bch_fpga_2.srcs/sources_1/bd/system_axo_axi/ipshared/ef1e/hdl/lib_cdc_v1_0_rfs.vhd:106]
INFO: [Synth 8-256] done synthesizing module 'lpf' (5#1) [h:/dev/CSASA/bch_fpga_2/bch_fpga_2.srcs/sources_1/bd/system_axo_axi/ipshared/f86a/hdl/proc_sys_reset_v5_0_vh_rfs.vhd:816]
INFO: [Synth 8-638] synthesizing module 'sequence_psr' [h:/dev/CSASA/bch_fpga_2/bch_fpga_2.srcs/sources_1/bd/system_axo_axi/ipshared/f86a/hdl/proc_sys_reset_v5_0_vh_rfs.vhd:301]
INFO: [Synth 8-638] synthesizing module 'upcnt_n' [h:/dev/CSASA/bch_fpga_2/bch_fpga_2.srcs/sources_1/bd/system_axo_axi/ipshared/f86a/hdl/proc_sys_reset_v5_0_vh_rfs.vhd:125]
INFO: [Synth 8-256] done synthesizing module 'upcnt_n' (6#1) [h:/dev/CSASA/bch_fpga_2/bch_fpga_2.srcs/sources_1/bd/system_axo_axi/ipshared/f86a/hdl/proc_sys_reset_v5_0_vh_rfs.vhd:125]
INFO: [Synth 8-256] done synthesizing module 'sequence_psr' (7#1) [h:/dev/CSASA/bch_fpga_2/bch_fpga_2.srcs/sources_1/bd/system_axo_axi/ipshared/f86a/hdl/proc_sys_reset_v5_0_vh_rfs.vhd:301]
INFO: [Synth 8-256] done synthesizing module 'proc_sys_reset' (8#1) [h:/dev/CSASA/bch_fpga_2/bch_fpga_2.srcs/sources_1/bd/system_axo_axi/ipshared/f86a/hdl/proc_sys_reset_v5_0_vh_rfs.vhd:1323]
INFO: [Synth 8-256] done synthesizing module 'bd_470a_psr_aclk_0' (9#1) [h:/dev/CSASA/bch_fpga_2/bch_fpga_2.srcs/sources_1/bd/system_axo_axi/ip/system_axo_axi_axi_smc_1/bd_0/ip/ip_1/synth/bd_470a_psr_aclk_0.vhd:74]
INFO: [Synth 8-256] done synthesizing module 'clk_map_imp_14061T0' (10#1) [h:/dev/CSASA/bch_fpga_2/bch_fpga_2.srcs/sources_1/bd/system_axo_axi/ip/system_axo_axi_axi_smc_1/bd_0/synth/bd_470a.v:1319]
INFO: [Synth 8-638] synthesizing module 'm00_exit_pipeline_imp_SZXGN3' [h:/dev/CSASA/bch_fpga_2/bch_fpga_2.srcs/sources_1/bd/system_axo_axi/ip/system_axo_axi_axi_smc_1/bd_0/synth/bd_470a.v:1369]
INFO: [Synth 8-638] synthesizing module 'bd_470a_m00e_0' [h:/dev/CSASA/bch_fpga_2/bch_fpga_2.srcs/sources_1/bd/system_axo_axi/ip/system_axo_axi_axi_smc_1/bd_0/ip/ip_22/synth/bd_470a_m00e_0.sv:58]
INFO: [Synth 8-256] done synthesizing module 'bd_470a_m00e_0' (19#1) [h:/dev/CSASA/bch_fpga_2/bch_fpga_2.srcs/sources_1/bd/system_axo_axi/ip/system_axo_axi_axi_smc_1/bd_0/ip/ip_22/synth/bd_470a_m00e_0.sv:58]
INFO: [Synth 8-256] done synthesizing module 'm00_exit_pipeline_imp_SZXGN3' (20#1) [h:/dev/CSASA/bch_fpga_2/bch_fpga_2.srcs/sources_1/bd/system_axo_axi/ip/system_axo_axi_axi_smc_1/bd_0/synth/bd_470a.v:1369]
INFO: [Synth 8-638] synthesizing module 'm00_nodes_imp_FQJ70Z' [h:/dev/CSASA/bch_fpga_2/bch_fpga_2.srcs/sources_1/bd/system_axo_axi/ip/system_axo_axi_axi_smc_1/bd_0/synth/bd_470a.v:1740]
INFO: [Synth 8-638] synthesizing module 'bd_470a_m00arn_0' [h:/dev/CSASA/bch_fpga_2/bch_fpga_2.srcs/sources_1/bd/system_axo_axi/ip/system_axo_axi_axi_smc_1/bd_0/ip/ip_17/synth/bd_470a_m00arn_0.sv:58]
INFO: [Synth 8-638] synthesizing module 'xpm_memory_base' [C:/Xilinx/Vivado/2017.3/data/ip/xpm/xpm_memory/hdl/xpm_memory.sv:57]
INFO: [Synth 8-256] done synthesizing module 'xpm_memory_base' (24#1) [C:/Xilinx/Vivado/2017.3/data/ip/xpm/xpm_memory/hdl/xpm_memory.sv:57]
INFO: [Synth 8-638] synthesizing module 'xpm_memory_base__parameterized0' [C:/Xilinx/Vivado/2017.3/data/ip/xpm/xpm_memory/hdl/xpm_memory.sv:57]
INFO: [Synth 8-256] done synthesizing module 'xpm_memory_base__parameterized0' (28#1) [C:/Xilinx/Vivado/2017.3/data/ip/xpm/xpm_memory/hdl/xpm_memory.sv:57]
INFO: [Synth 8-256] done synthesizing module 'bd_470a_m00arn_0' (34#1) [h:/dev/CSASA/bch_fpga_2/bch_fpga_2.srcs/sources_1/bd/system_axo_axi/ip/system_axo_axi_axi_smc_1/bd_0/ip/ip_17/synth/bd_470a_m00arn_0.sv:58]
INFO: [Synth 8-638] synthesizing module 'bd_470a_m00awn_0' [h:/dev/CSASA/bch_fpga_2/bch_fpga_2.srcs/sources_1/bd/system_axo_axi/ip/system_axo_axi_axi_smc_1/bd_0/ip/ip_19/synth/bd_470a_m00awn_0.sv:58]
INFO: [Synth 8-256] done synthesizing module 'bd_470a_m00awn_0' (35#1) [h:/dev/CSASA/bch_fpga_2/bch_fpga_2.srcs/sources_1/bd/system_axo_axi/ip/system_axo_axi_axi_smc_1/bd_0/ip/ip_19/synth/bd_470a_m00awn_0.sv:58]
INFO: [Synth 8-638] synthesizing module 'bd_470a_m00bn_0' [h:/dev/CSASA/bch_fpga_2/bch_fpga_2.srcs/sources_1/bd/system_axo_axi/ip/system_axo_axi_axi_smc_1/bd_0/ip/ip_21/synth/bd_470a_m00bn_0.sv:58]
INFO: [Synth 8-638] synthesizing module 'xpm_memory_base__parameterized1' [C:/Xilinx/Vivado/2017.3/data/ip/xpm/xpm_memory/hdl/xpm_memory.sv:57]
INFO: [Synth 8-256] done synthesizing module 'xpm_memory_base__parameterized1' (35#1) [C:/Xilinx/Vivado/2017.3/data/ip/xpm/xpm_memory/hdl/xpm_memory.sv:57]
INFO: [Synth 8-638] synthesizing module 'xpm_memory_base__parameterized2' [C:/Xilinx/Vivado/2017.3/data/ip/xpm/xpm_memory/hdl/xpm_memory.sv:57]
INFO: [Synth 8-256] done synthesizing module 'xpm_memory_base__parameterized2' (35#1) [C:/Xilinx/Vivado/2017.3/data/ip/xpm/xpm_memory/hdl/xpm_memory.sv:57]
INFO: [Synth 8-256] done synthesizing module 'bd_470a_m00bn_0' (36#1) [h:/dev/CSASA/bch_fpga_2/bch_fpga_2.srcs/sources_1/bd/system_axo_axi/ip/system_axo_axi_axi_smc_1/bd_0/ip/ip_21/synth/bd_470a_m00bn_0.sv:58]
INFO: [Synth 8-638] synthesizing module 'bd_470a_m00rn_0' [h:/dev/CSASA/bch_fpga_2/bch_fpga_2.srcs/sources_1/bd/system_axo_axi/ip/system_axo_axi_axi_smc_1/bd_0/ip/ip_18/synth/bd_470a_m00rn_0.sv:58]
INFO: [Synth 8-638] synthesizing module 'xpm_memory_base__parameterized3' [C:/Xilinx/Vivado/2017.3/data/ip/xpm/xpm_memory/hdl/xpm_memory.sv:57]
INFO: [Synth 8-256] done synthesizing module 'xpm_memory_base__parameterized3' (36#1) [C:/Xilinx/Vivado/2017.3/data/ip/xpm/xpm_memory/hdl/xpm_memory.sv:57]
INFO: [Synth 8-256] done synthesizing module 'bd_470a_m00rn_0' (37#1) [h:/dev/CSASA/bch_fpga_2/bch_fpga_2.srcs/sources_1/bd/system_axo_axi/ip/system_axo_axi_axi_smc_1/bd_0/ip/ip_18/synth/bd_470a_m00rn_0.sv:58]
INFO: [Synth 8-638] synthesizing module 'bd_470a_m00wn_0' [h:/dev/CSASA/bch_fpga_2/bch_fpga_2.srcs/sources_1/bd/system_axo_axi/ip/system_axo_axi_axi_smc_1/bd_0/ip/ip_20/synth/bd_470a_m00wn_0.sv:58]
INFO: [Synth 8-638] synthesizing module 'xpm_memory_base__parameterized4' [C:/Xilinx/Vivado/2017.3/data/ip/xpm/xpm_memory/hdl/xpm_memory.sv:57]
INFO: [Synth 8-256] done synthesizing module 'xpm_memory_base__parameterized4' (37#1) [C:/Xilinx/Vivado/2017.3/data/ip/xpm/xpm_memory/hdl/xpm_memory.sv:57]
INFO: [Synth 8-256] done synthesizing module 'bd_470a_m00wn_0' (38#1) [h:/dev/CSASA/bch_fpga_2/bch_fpga_2.srcs/sources_1/bd/system_axo_axi/ip/system_axo_axi_axi_smc_1/bd_0/ip/ip_20/synth/bd_470a_m00wn_0.sv:58]
INFO: [Synth 8-256] done synthesizing module 'm00_nodes_imp_FQJ70Z' (39#1) [h:/dev/CSASA/bch_fpga_2/bch_fpga_2.srcs/sources_1/bd/system_axo_axi/ip/system_axo_axi_axi_smc_1/bd_0/synth/bd_470a.v:1740]
INFO: [Synth 8-638] synthesizing module 'bd_470a_m00s2a_0' [h:/dev/CSASA/bch_fpga_2/bch_fpga_2.srcs/sources_1/bd/system_axo_axi/ip/system_axo_axi_axi_smc_1/bd_0/ip/ip_16/synth/bd_470a_m00s2a_0.sv:58]
INFO: [Synth 8-256] done synthesizing module 'bd_470a_m00s2a_0' (41#1) [h:/dev/CSASA/bch_fpga_2/bch_fpga_2.srcs/sources_1/bd/system_axo_axi/ip/system_axo_axi_axi_smc_1/bd_0/ip/ip_16/synth/bd_470a_m00s2a_0.sv:58]
INFO: [Synth 8-638] synthesizing module 'm01_exit_pipeline_imp_ZF843J' [h:/dev/CSASA/bch_fpga_2/bch_fpga_2.srcs/sources_1/bd/system_axo_axi/ip/system_axo_axi_axi_smc_1/bd_0/synth/bd_470a.v:2036]
INFO: [Synth 8-638] synthesizing module 'bd_470a_m01e_0' [h:/dev/CSASA/bch_fpga_2/bch_fpga_2.srcs/sources_1/bd/system_axo_axi/ip/system_axo_axi_axi_smc_1/bd_0/ip/ip_29/synth/bd_470a_m01e_0.sv:58]
INFO: [Synth 8-256] done synthesizing module 'bd_470a_m01e_0' (57#1) [h:/dev/CSASA/bch_fpga_2/bch_fpga_2.srcs/sources_1/bd/system_axo_axi/ip/system_axo_axi_axi_smc_1/bd_0/ip/ip_29/synth/bd_470a_m01e_0.sv:58]
INFO: [Synth 8-256] done synthesizing module 'm01_exit_pipeline_imp_ZF843J' (58#1) [h:/dev/CSASA/bch_fpga_2/bch_fpga_2.srcs/sources_1/bd/system_axo_axi/ip/system_axo_axi_axi_smc_1/bd_0/synth/bd_470a.v:2036]
INFO: [Synth 8-638] synthesizing module 'm01_nodes_imp_19ZBTID' [h:/dev/CSASA/bch_fpga_2/bch_fpga_2.srcs/sources_1/bd/system_axo_axi/ip/system_axo_axi_axi_smc_1/bd_0/synth/bd_470a.v:2337]
INFO: [Synth 8-638] synthesizing module 'bd_470a_m01arn_0' [h:/dev/CSASA/bch_fpga_2/bch_fpga_2.srcs/sources_1/bd/system_axo_axi/ip/system_axo_axi_axi_smc_1/bd_0/ip/ip_24/synth/bd_470a_m01arn_0.sv:58]
INFO: [Synth 8-256] done synthesizing module 'bd_470a_m01arn_0' (59#1) [h:/dev/CSASA/bch_fpga_2/bch_fpga_2.srcs/sources_1/bd/system_axo_axi/ip/system_axo_axi_axi_smc_1/bd_0/ip/ip_24/synth/bd_470a_m01arn_0.sv:58]
INFO: [Synth 8-638] synthesizing module 'bd_470a_m01awn_0' [h:/dev/CSASA/bch_fpga_2/bch_fpga_2.srcs/sources_1/bd/system_axo_axi/ip/system_axo_axi_axi_smc_1/bd_0/ip/ip_26/synth/bd_470a_m01awn_0.sv:58]
INFO: [Synth 8-256] done synthesizing module 'bd_470a_m01awn_0' (60#1) [h:/dev/CSASA/bch_fpga_2/bch_fpga_2.srcs/sources_1/bd/system_axo_axi/ip/system_axo_axi_axi_smc_1/bd_0/ip/ip_26/synth/bd_470a_m01awn_0.sv:58]
INFO: [Synth 8-638] synthesizing module 'bd_470a_m01bn_0' [h:/dev/CSASA/bch_fpga_2/bch_fpga_2.srcs/sources_1/bd/system_axo_axi/ip/system_axo_axi_axi_smc_1/bd_0/ip/ip_28/synth/bd_470a_m01bn_0.sv:58]
INFO: [Synth 8-256] done synthesizing module 'bd_470a_m01bn_0' (61#1) [h:/dev/CSASA/bch_fpga_2/bch_fpga_2.srcs/sources_1/bd/system_axo_axi/ip/system_axo_axi_axi_smc_1/bd_0/ip/ip_28/synth/bd_470a_m01bn_0.sv:58]
INFO: [Synth 8-638] synthesizing module 'bd_470a_m01rn_0' [h:/dev/CSASA/bch_fpga_2/bch_fpga_2.srcs/sources_1/bd/system_axo_axi/ip/system_axo_axi_axi_smc_1/bd_0/ip/ip_25/synth/bd_470a_m01rn_0.sv:58]
INFO: [Synth 8-256] done synthesizing module 'bd_470a_m01rn_0' (62#1) [h:/dev/CSASA/bch_fpga_2/bch_fpga_2.srcs/sources_1/bd/system_axo_axi/ip/system_axo_axi_axi_smc_1/bd_0/ip/ip_25/synth/bd_470a_m01rn_0.sv:58]
INFO: [Synth 8-638] synthesizing module 'bd_470a_m01wn_0' [h:/dev/CSASA/bch_fpga_2/bch_fpga_2.srcs/sources_1/bd/system_axo_axi/ip/system_axo_axi_axi_smc_1/bd_0/ip/ip_27/synth/bd_470a_m01wn_0.sv:58]
INFO: [Synth 8-256] done synthesizing module 'bd_470a_m01wn_0' (63#1) [h:/dev/CSASA/bch_fpga_2/bch_fpga_2.srcs/sources_1/bd/system_axo_axi/ip/system_axo_axi_axi_smc_1/bd_0/ip/ip_27/synth/bd_470a_m01wn_0.sv:58]
INFO: [Synth 8-256] done synthesizing module 'm01_nodes_imp_19ZBTID' (64#1) [h:/dev/CSASA/bch_fpga_2/bch_fpga_2.srcs/sources_1/bd/system_axo_axi/ip/system_axo_axi_axi_smc_1/bd_0/synth/bd_470a.v:2337]
INFO: [Synth 8-638] synthesizing module 'bd_470a_m01s2a_0' [h:/dev/CSASA/bch_fpga_2/bch_fpga_2.srcs/sources_1/bd/system_axo_axi/ip/system_axo_axi_axi_smc_1/bd_0/ip/ip_23/synth/bd_470a_m01s2a_0.sv:58]
INFO: [Synth 8-256] done synthesizing module 'bd_470a_m01s2a_0' (65#1) [h:/dev/CSASA/bch_fpga_2/bch_fpga_2.srcs/sources_1/bd/system_axo_axi/ip/system_axo_axi_axi_smc_1/bd_0/ip/ip_23/synth/bd_470a_m01s2a_0.sv:58]
INFO: [Synth 8-638] synthesizing module 'bd_470a_s00a2s_0' [h:/dev/CSASA/bch_fpga_2/bch_fpga_2.srcs/sources_1/bd/system_axo_axi/ip/system_axo_axi_axi_smc_1/bd_0/ip/ip_10/synth/bd_470a_s00a2s_0.sv:58]
INFO: [Synth 8-256] done synthesizing module 'bd_470a_s00a2s_0' (67#1) [h:/dev/CSASA/bch_fpga_2/bch_fpga_2.srcs/sources_1/bd/system_axo_axi/ip/system_axo_axi_axi_smc_1/bd_0/ip/ip_10/synth/bd_470a_s00a2s_0.sv:58]
INFO: [Synth 8-638] synthesizing module 's00_entry_pipeline_imp_1TE0ZGC' [h:/dev/CSASA/bch_fpga_2/bch_fpga_2.srcs/sources_1/bd/system_axo_axi/ip/system_axo_axi_axi_smc_1/bd_0/synth/bd_470a.v:2633]
INFO: [Synth 8-638] synthesizing module 'bd_470a_s00mmu_0' [h:/dev/CSASA/bch_fpga_2/bch_fpga_2.srcs/sources_1/bd/system_axo_axi/ip/system_axo_axi_axi_smc_1/bd_0/ip/ip_7/synth/bd_470a_s00mmu_0.sv:58]
INFO: [Synth 8-256] done synthesizing module 'bd_470a_s00mmu_0' (72#1) [h:/dev/CSASA/bch_fpga_2/bch_fpga_2.srcs/sources_1/bd/system_axo_axi/ip/system_axo_axi_axi_smc_1/bd_0/ip/ip_7/synth/bd_470a_s00mmu_0.sv:58]
INFO: [Synth 8-638] synthesizing module 'bd_470a_s00sic_0' [h:/dev/CSASA/bch_fpga_2/bch_fpga_2.srcs/sources_1/bd/system_axo_axi/ip/system_axo_axi_axi_smc_1/bd_0/ip/ip_9/synth/bd_470a_s00sic_0.sv:58]
INFO: [Synth 8-256] done synthesizing module 'bd_470a_s00sic_0' (78#1) [h:/dev/CSASA/bch_fpga_2/bch_fpga_2.srcs/sources_1/bd/system_axo_axi/ip/system_axo_axi_axi_smc_1/bd_0/ip/ip_9/synth/bd_470a_s00sic_0.sv:58]
INFO: [Synth 8-638] synthesizing module 'bd_470a_s00tr_0' [h:/dev/CSASA/bch_fpga_2/bch_fpga_2.srcs/sources_1/bd/system_axo_axi/ip/system_axo_axi_axi_smc_1/bd_0/ip/ip_8/synth/bd_470a_s00tr_0.sv:58]
INFO: [Synth 8-256] done synthesizing module 'bd_470a_s00tr_0' (81#1) [h:/dev/CSASA/bch_fpga_2/bch_fpga_2.srcs/sources_1/bd/system_axo_axi/ip/system_axo_axi_axi_smc_1/bd_0/ip/ip_8/synth/bd_470a_s00tr_0.sv:58]
INFO: [Synth 8-256] done synthesizing module 's00_entry_pipeline_imp_1TE0ZGC' (82#1) [h:/dev/CSASA/bch_fpga_2/bch_fpga_2.srcs/sources_1/bd/system_axo_axi/ip/system_axo_axi_axi_smc_1/bd_0/synth/bd_470a.v:2633]
INFO: [Synth 8-638] synthesizing module 's00_nodes_imp_1YHUQ1Y' [h:/dev/CSASA/bch_fpga_2/bch_fpga_2.srcs/sources_1/bd/system_axo_axi/ip/system_axo_axi_axi_smc_1/bd_0/synth/bd_470a.v:3281]
INFO: [Synth 8-638] synthesizing module 'bd_470a_sarn_0' [h:/dev/CSASA/bch_fpga_2/bch_fpga_2.srcs/sources_1/bd/system_axo_axi/ip/system_axo_axi_axi_smc_1/bd_0/ip/ip_11/synth/bd_470a_sarn_0.sv:58]
INFO: [Synth 8-638] synthesizing module 'xpm_memory_base__parameterized5' [C:/Xilinx/Vivado/2017.3/data/ip/xpm/xpm_memory/hdl/xpm_memory.sv:57]
INFO: [Synth 8-256] done synthesizing module 'xpm_memory_base__parameterized5' (82#1) [C:/Xilinx/Vivado/2017.3/data/ip/xpm/xpm_memory/hdl/xpm_memory.sv:57]
INFO: [Synth 8-638] synthesizing module 'xpm_memory_base__parameterized6' [C:/Xilinx/Vivado/2017.3/data/ip/xpm/xpm_memory/hdl/xpm_memory.sv:57]
INFO: [Synth 8-256] done synthesizing module 'xpm_memory_base__parameterized6' (82#1) [C:/Xilinx/Vivado/2017.3/data/ip/xpm/xpm_memory/hdl/xpm_memory.sv:57]
INFO: [Synth 8-256] done synthesizing module 'bd_470a_sarn_0' (83#1) [h:/dev/CSASA/bch_fpga_2/bch_fpga_2.srcs/sources_1/bd/system_axo_axi/ip/system_axo_axi_axi_smc_1/bd_0/ip/ip_11/synth/bd_470a_sarn_0.sv:58]
INFO: [Synth 8-638] synthesizing module 'bd_470a_sawn_0' [h:/dev/CSASA/bch_fpga_2/bch_fpga_2.srcs/sources_1/bd/system_axo_axi/ip/system_axo_axi_axi_smc_1/bd_0/ip/ip_13/synth/bd_470a_sawn_0.sv:58]
INFO: [Synth 8-256] done synthesizing module 'bd_470a_sawn_0' (84#1) [h:/dev/CSASA/bch_fpga_2/bch_fpga_2.srcs/sources_1/bd/system_axo_axi/ip/system_axo_axi_axi_smc_1/bd_0/ip/ip_13/synth/bd_470a_sawn_0.sv:58]
INFO: [Synth 8-638] synthesizing module 'bd_470a_sbn_0' [h:/dev/CSASA/bch_fpga_2/bch_fpga_2.srcs/sources_1/bd/system_axo_axi/ip/system_axo_axi_axi_smc_1/bd_0/ip/ip_15/synth/bd_470a_sbn_0.sv:58]
INFO: [Synth 8-638] synthesizing module 'xpm_memory_base__parameterized7' [C:/Xilinx/Vivado/2017.3/data/ip/xpm/xpm_memory/hdl/xpm_memory.sv:57]
INFO: [Synth 8-256] done synthesizing module 'xpm_memory_base__parameterized7' (85#1) [C:/Xilinx/Vivado/2017.3/data/ip/xpm/xpm_memory/hdl/xpm_memory.sv:57]
INFO: [Synth 8-256] done synthesizing module 'bd_470a_sbn_0' (86#1) [h:/dev/CSASA/bch_fpga_2/bch_fpga_2.srcs/sources_1/bd/system_axo_axi/ip/system_axo_axi_axi_smc_1/bd_0/ip/ip_15/synth/bd_470a_sbn_0.sv:58]
INFO: [Synth 8-638] synthesizing module 'bd_470a_srn_0' [h:/dev/CSASA/bch_fpga_2/bch_fpga_2.srcs/sources_1/bd/system_axo_axi/ip/system_axo_axi_axi_smc_1/bd_0/ip/ip_12/synth/bd_470a_srn_0.sv:58]
INFO: [Synth 8-256] done synthesizing module 'bd_470a_srn_0' (87#1) [h:/dev/CSASA/bch_fpga_2/bch_fpga_2.srcs/sources_1/bd/system_axo_axi/ip/system_axo_axi_axi_smc_1/bd_0/ip/ip_12/synth/bd_470a_srn_0.sv:58]
INFO: [Synth 8-638] synthesizing module 'bd_470a_swn_0' [h:/dev/CSASA/bch_fpga_2/bch_fpga_2.srcs/sources_1/bd/system_axo_axi/ip/system_axo_axi_axi_smc_1/bd_0/ip/ip_14/synth/bd_470a_swn_0.sv:58]
INFO: [Synth 8-256] done synthesizing module 'bd_470a_swn_0' (88#1) [h:/dev/CSASA/bch_fpga_2/bch_fpga_2.srcs/sources_1/bd/system_axo_axi/ip/system_axo_axi_axi_smc_1/bd_0/ip/ip_14/synth/bd_470a_swn_0.sv:58]
INFO: [Synth 8-256] done synthesizing module 's00_nodes_imp_1YHUQ1Y' (89#1) [h:/dev/CSASA/bch_fpga_2/bch_fpga_2.srcs/sources_1/bd/system_axo_axi/ip/system_axo_axi_axi_smc_1/bd_0/synth/bd_470a.v:3281]
INFO: [Synth 8-638] synthesizing module 'switchboards_imp_15LAFEA' [h:/dev/CSASA/bch_fpga_2/bch_fpga_2.srcs/sources_1/bd/system_axo_axi/ip/system_axo_axi_axi_smc_1/bd_0/synth/bd_470a.v:3577]
INFO: [Synth 8-638] synthesizing module 'bd_470a_arsw_0' [h:/dev/CSASA/bch_fpga_2/bch_fpga_2.srcs/sources_1/bd/system_axo_axi/ip/system_axo_axi_axi_smc_1/bd_0/ip/ip_2/synth/bd_470a_arsw_0.sv:57]
INFO: [Synth 8-256] done synthesizing module 'bd_470a_arsw_0' (92#1) [h:/dev/CSASA/bch_fpga_2/bch_fpga_2.srcs/sources_1/bd/system_axo_axi/ip/system_axo_axi_axi_smc_1/bd_0/ip/ip_2/synth/bd_470a_arsw_0.sv:57]
INFO: [Synth 8-638] synthesizing module 'bd_470a_awsw_0' [h:/dev/CSASA/bch_fpga_2/bch_fpga_2.srcs/sources_1/bd/system_axo_axi/ip/system_axo_axi_axi_smc_1/bd_0/ip/ip_4/synth/bd_470a_awsw_0.sv:57]
INFO: [Synth 8-256] done synthesizing module 'bd_470a_awsw_0' (93#1) [h:/dev/CSASA/bch_fpga_2/bch_fpga_2.srcs/sources_1/bd/system_axo_axi/ip/system_axo_axi_axi_smc_1/bd_0/ip/ip_4/synth/bd_470a_awsw_0.sv:57]
INFO: [Synth 8-638] synthesizing module 'bd_470a_bsw_0' [h:/dev/CSASA/bch_fpga_2/bch_fpga_2.srcs/sources_1/bd/system_axo_axi/ip/system_axo_axi_axi_smc_1/bd_0/ip/ip_6/synth/bd_470a_bsw_0.sv:57]
INFO: [Synth 8-256] done synthesizing module 'bd_470a_bsw_0' (94#1) [h:/dev/CSASA/bch_fpga_2/bch_fpga_2.srcs/sources_1/bd/system_axo_axi/ip/system_axo_axi_axi_smc_1/bd_0/ip/ip_6/synth/bd_470a_bsw_0.sv:57]
INFO: [Synth 8-638] synthesizing module 'bd_470a_rsw_0' [h:/dev/CSASA/bch_fpga_2/bch_fpga_2.srcs/sources_1/bd/system_axo_axi/ip/system_axo_axi_axi_smc_1/bd_0/ip/ip_3/synth/bd_470a_rsw_0.sv:57]
INFO: [Synth 8-256] done synthesizing module 'bd_470a_rsw_0' (95#1) [h:/dev/CSASA/bch_fpga_2/bch_fpga_2.srcs/sources_1/bd/system_axo_axi/ip/system_axo_axi_axi_smc_1/bd_0/ip/ip_3/synth/bd_470a_rsw_0.sv:57]
INFO: [Synth 8-638] synthesizing module 'bd_470a_wsw_0' [h:/dev/CSASA/bch_fpga_2/bch_fpga_2.srcs/sources_1/bd/system_axo_axi/ip/system_axo_axi_axi_smc_1/bd_0/ip/ip_5/synth/bd_470a_wsw_0.sv:57]
INFO: [Synth 8-256] done synthesizing module 'bd_470a_wsw_0' (96#1) [h:/dev/CSASA/bch_fpga_2/bch_fpga_2.srcs/sources_1/bd/system_axo_axi/ip/system_axo_axi_axi_smc_1/bd_0/ip/ip_5/synth/bd_470a_wsw_0.sv:57]
INFO: [Synth 8-256] done synthesizing module 'switchboards_imp_15LAFEA' (97#1) [h:/dev/CSASA/bch_fpga_2/bch_fpga_2.srcs/sources_1/bd/system_axo_axi/ip/system_axo_axi_axi_smc_1/bd_0/synth/bd_470a.v:3577]
INFO: [Synth 8-256] done synthesizing module 'bd_470a' (98#1) [h:/dev/CSASA/bch_fpga_2/bch_fpga_2.srcs/sources_1/bd/system_axo_axi/ip/system_axo_axi_axi_smc_1/bd_0/synth/bd_470a.v:10]
INFO: [Synth 8-256] done synthesizing module 'system_axo_axi_axi_smc_1' (99#1) [h:/dev/CSASA/bch_fpga_2/bch_fpga_2.srcs/sources_1/bd/system_axo_axi/ip/system_axo_axi_axi_smc_1/synth/system_axo_axi_axi_smc_1.v:57]
Finished RTL Elaboration : Time (s): cpu = 00:00:25 ; elapsed = 00:00:33 . Memory (MB): peak = 598.785 ; gain = 317.133
Finished RTL Optimization Phase 1 : Time (s): cpu = 00:00:26 ; elapsed = 00:00:43 . Memory (MB): peak = 598.785 ; gain = 317.133
INFO: [Device 21-403] Loading part xc7z010clg400-1
Constraint Validation Runtime : Time (s): cpu = 00:00:04 ; elapsed = 00:00:02 . Memory (MB): peak = 1554.539 ; gain = 95.754
Finished Constraint Validation : Time (s): cpu = 00:01:25 ; elapsed = 00:01:49 . Memory (MB): peak = 1554.539 ; gain = 1272.887
Finished Loading Part and Timing Information : Time (s): cpu = 00:01:25 ; elapsed = 00:01:49 . Memory (MB): peak = 1554.539 ; gain = 1272.887
Finished applying 'set_property' XDC Constraints : Time (s): cpu = 00:01:25 ; elapsed = 00:01:49 . Memory (MB): peak = 1554.539 ; gain = 1272.887
Finished RTL Optimization Phase 2 : Time (s): cpu = 00:01:32 ; elapsed = 00:01:55 . Memory (MB): peak = 1554.539 ; gain = 1272.887
Finished Cross Boundary and Area Optimization : Time (s): cpu = 00:02:19 ; elapsed = 00:02:49 . Memory (MB): peak = 1554.539 ; gain = 1272.887
---------------------------------------------------------------------------------
Start ROM, RAM, DSP and Shift Register Reporting
---------------------------------------------------------------------------------

Distributed RAM: Preliminary Mapping  Report (see note below)
+----------------------------------------------------------------------------------------------------------------------------------------------------------------+----------------------------------+----------------+----------------------+---------------+
|Module Name                                                                                                                                                     | RTL Object                       | Inference      | Size (Depth x Width) | Primitives    | 
+----------------------------------------------------------------------------------------------------------------------------------------------------------------+----------------------------------+----------------+----------------------+---------------+
|inst/i_0/\m00_nodes/m00_ar_node/inst /\inst_mi_handler/gen_normal_area.inst_fifo_node_payld/gen_xpm_memory_fifo.inst_fifo/gen_mem_rep[0].inst_xpm_memory        | gen_wr_a.gen_word_narrow.mem_reg | User Attribute | 32 x 161             | RAM32M x 27   | 
|inst/i_0/\m00_nodes/m00_aw_node/inst /\inst_mi_handler/gen_normal_area.inst_fifo_node_payld/gen_xpm_memory_fifo.inst_fifo/gen_mem_rep[0].inst_xpm_memory        | gen_wr_a.gen_word_narrow.mem_reg | User Attribute | 32 x 161             | RAM32M x 27   | 
|inst/i_0/\m00_nodes/m00_b_node/inst /\inst_mi_handler/gen_normal_area.inst_fifo_node_payld/gen_xpm_memory_fifo.inst_fifo/gen_mem_rep[0].inst_xpm_memory         | gen_wr_a.gen_word_narrow.mem_reg | User Attribute | 32 x 7               | RAM32M x 2    | 
|inst/i_0/\m00_nodes/m00_r_node/inst /\inst_mi_handler/gen_normal_area.inst_fifo_node_payld/gen_xpm_memory_fifo.inst_fifo/gen_mem_rep[0].inst_xpm_memory         | gen_wr_a.gen_word_narrow.mem_reg | User Attribute | 32 x 53              | RAM32M x 9    | 
|inst/i_0/\m00_nodes/m00_w_node/inst /\inst_mi_handler/gen_normal_area.inst_fifo_node_payld/gen_xpm_memory_fifo.inst_fifo/gen_mem_rep[0].inst_xpm_memory         | gen_wr_a.gen_word_narrow.mem_reg | User Attribute | 32 x 71              | RAM32M x 12   | 
|inst/i_0/\m01_nodes/m01_ar_node/inst /\inst_mi_handler/gen_normal_area.inst_fifo_node_payld/gen_xpm_memory_fifo.inst_fifo/gen_mem_rep[0].inst_xpm_memory        | gen_wr_a.gen_word_narrow.mem_reg | User Attribute | 32 x 161             | RAM32M x 27   | 
|inst/i_0/\m01_nodes/m01_aw_node/inst /\inst_mi_handler/gen_normal_area.inst_fifo_node_payld/gen_xpm_memory_fifo.inst_fifo/gen_mem_rep[0].inst_xpm_memory        | gen_wr_a.gen_word_narrow.mem_reg | User Attribute | 32 x 161             | RAM32M x 27   | 
|inst/i_0/\m01_nodes/m01_b_node/inst /\inst_mi_handler/gen_normal_area.inst_fifo_node_payld/gen_xpm_memory_fifo.inst_fifo/gen_mem_rep[0].inst_xpm_memory         | gen_wr_a.gen_word_narrow.mem_reg | User Attribute | 32 x 7               | RAM32M x 2    | 
|inst/i_0/\m01_nodes/m01_r_node/inst /\inst_mi_handler/gen_normal_area.inst_fifo_node_payld/gen_xpm_memory_fifo.inst_fifo/gen_mem_rep[0].inst_xpm_memory         | gen_wr_a.gen_word_narrow.mem_reg | User Attribute | 32 x 53              | RAM32M x 9    | 
|inst/i_0/\m01_nodes/m01_w_node/inst /\inst_mi_handler/gen_normal_area.inst_fifo_node_payld/gen_xpm_memory_fifo.inst_fifo/gen_mem_rep[0].inst_xpm_memory         | gen_wr_a.gen_word_narrow.mem_reg | User Attribute | 32 x 71              | RAM32M x 12   | 
|inst/i_0/\s00_nodes/s00_ar_node/inst /\inst_mi_handler/gen_normal_area.gen_fifo_req.inst_fifo_req/gen_xpm_memory_fifo.inst_fifo/gen_mem_rep[0].inst_xpm_memory  | gen_wr_a.gen_word_narrow.mem_reg | User Attribute | 32 x 19              | RAM32M x 4    | 
|inst/i_0/\s00_nodes/s00_ar_node/inst /\inst_mi_handler/gen_normal_area.inst_fifo_node_payld/gen_xpm_memory_fifo.inst_fifo/gen_mem_rep[0].inst_xpm_memory        | gen_wr_a.gen_word_narrow.mem_reg | User Attribute | 32 x 143             | RAM32M x 24   | 
|inst/i_0/\s00_nodes/s00_aw_node/inst /\inst_mi_handler/gen_normal_area.gen_fifo_req.inst_fifo_req/gen_xpm_memory_fifo.inst_fifo/gen_mem_rep[0].inst_xpm_memory  | gen_wr_a.gen_word_narrow.mem_reg | User Attribute | 32 x 19              | RAM32M x 4    | 
|inst/i_0/\s00_nodes/s00_aw_node/inst /\inst_mi_handler/gen_normal_area.inst_fifo_node_payld/gen_xpm_memory_fifo.inst_fifo/gen_mem_rep[0].inst_xpm_memory        | gen_wr_a.gen_word_narrow.mem_reg | User Attribute | 32 x 143             | RAM32M x 24   | 
|inst/i_0/\s00_nodes/s00_b_node/inst /\inst_mi_handler/gen_normal_area.inst_fifo_node_payld/gen_xpm_memory_fifo.inst_fifo/gen_mem_rep[0].inst_xpm_memory         | gen_wr_a.gen_word_narrow.mem_reg | User Attribute | 32 x 25              | RAM32M x 5    | 
|inst/i_0/\s00_nodes/s00_r_node/inst /\inst_mi_handler/gen_normal_area.inst_fifo_node_payld/gen_xpm_memory_fifo.inst_fifo/gen_mem_rep[0].inst_xpm_memory         | gen_wr_a.gen_word_narrow.mem_reg | User Attribute | 32 x 71              | RAM32M x 12   | 
|inst/i_0/\s00_nodes/s00_w_node/inst /\inst_mi_handler/gen_normal_area.gen_fifo_req.inst_fifo_req/gen_xpm_memory_fifo.inst_fifo/gen_mem_rep[0].inst_xpm_memory   | gen_wr_a.gen_word_narrow.mem_reg | User Attribute | 32 x 19              | RAM32M x 4    | 
|inst/i_0/\s00_nodes/s00_w_node/inst /\inst_mi_handler/gen_normal_area.inst_fifo_node_payld/gen_xpm_memory_fifo.inst_fifo/gen_mem_rep[0].inst_xpm_memory         | gen_wr_a.gen_word_narrow.mem_reg | User Attribute | 32 x 53              | RAM32M x 9    | 
+----------------------------------------------------------------------------------------------------------------------------------------------------------------+----------------------------------+----------------+----------------------+---------------+

Note: The table above is a preliminary report that shows the Distributed RAMs at the current stage of the synthesis flow. Some Distributed RAMs may be reimplemented as non Distributed RAM primitives later in the synthesis flow. Multiple instantiated RAMs are reported only once.
---------------------------------------------------------------------------------
Finished ROM, RAM, DSP and Shift Register Reporting
---------------------------------------------------------------------------------
Finished Applying XDC Timing Constraints : Time (s): cpu = 00:02:29 ; elapsed = 00:02:59 . Memory (MB): peak = 1554.539 ; gain = 1272.887
Finished Timing Optimization : Time (s): cpu = 00:02:32 ; elapsed = 00:03:02 . Memory (MB): peak = 1554.539 ; gain = 1272.887
Finished Technology Mapping : Time (s): cpu = 00:02:39 ; elapsed = 00:03:09 . Memory (MB): peak = 1554.539 ; gain = 1272.887
Finished IO Insertion : Time (s): cpu = 00:02:40 ; elapsed = 00:03:11 . Memory (MB): peak = 1554.539 ; gain = 1272.887
Finished Renaming Generated Instances : Time (s): cpu = 00:02:40 ; elapsed = 00:03:11 . Memory (MB): peak = 1554.539 ; gain = 1272.887
Finished Rebuilding User Hierarchy : Time (s): cpu = 00:02:41 ; elapsed = 00:03:12 . Memory (MB): peak = 1554.539 ; gain = 1272.887
Finished Renaming Generated Ports : Time (s): cpu = 00:02:41 ; elapsed = 00:03:12 . Memory (MB): peak = 1554.539 ; gain = 1272.887
Finished Handling Custom Attributes : Time (s): cpu = 00:02:42 ; elapsed = 00:03:12 . Memory (MB): peak = 1554.539 ; gain = 1272.887
Finished Renaming Generated Nets : Time (s): cpu = 00:02:42 ; elapsed = 00:03:12 . Memory (MB): peak = 1554.539 ; gain = 1272.887

Report Cell Usage: 
+------+--------+------+
|      |Cell    |Count |
+------+--------+------+
|1     |CARRY4  |    26|
|2     |LUT1    |   178|
|3     |LUT2    |   578|
|4     |LUT3    |   352|
|5     |LUT4    |  1214|
|6     |LUT5    |   755|
|7     |LUT6    |  1408|
|8     |MUXF7   |     6|
|9     |RAM32M  |    92|
|10    |SRL16   |     1|
|11    |SRL16E  |    21|
|12    |SRLC32E |   329|
|13    |FDR     |     4|
|14    |FDRE    |  3888|
|15    |FDSE    |   188|
+------+--------+------+
Finished Writing Synthesis Report : Time (s): cpu = 00:02:42 ; elapsed = 00:03:12 . Memory (MB): peak = 1554.539 ; gain = 1272.887
synth_design: Time (s): cpu = 00:02:47 ; elapsed = 00:03:17 . Memory (MB): peak = 1554.539 ; gain = 1285.414
write_checkpoint: Time (s): cpu = 00:00:02 ; elapsed = 00:00:31 . Memory (MB): peak = 1554.539 ; gain = 0.000
