Copyright 1986-2017 Xilinx, Inc. All Rights Reserved.
-----------------------------------------------------------------------------------------------------------------------------------------
| Tool Version : Vivado v.2017.3 (win64) Build 2018833 Wed Oct  4 19:58:22 MDT 2017
| Date         : Wed Apr 25 22:42:38 2018
| Host         : CS-S113 running 64-bit major release  (build 9200)
| Command      : report_drc -file system_axo_axi_wrapper_drc_opted.rpt -pb System_wrapper_drc_opted.pb -rpx System_wrapper_drc_opted.rpx
| Design       : system_axo_axi_wrapper
| Device       : xc7z010clg400-1
| Speed File   : -1
| Design State : Synthesized
-----------------------------------------------------------------------------------------------------------------------------------------

Report DRC

Table of Contents
-----------------
1. REPORT SUMMARY
2. REPORT DETAILS

1. REPORT SUMMARY
-----------------
            Netlist: netlist
          Floorplan: design_1
      Design limits: <entire design considered>
           Ruledeck: default
             Max violations: <unlimited>
             Violations found: 5
+--------+----------+------------------------+------------+
| Rule   | Severity | Description            | Violations |
+--------+----------+------------------------+------------+
| DPIP-1 | Warning  | Input pipelining       | 3          |
| DPOP-1 | Warning  | PREG Output pipelining | 1          |
| DPOP-2 | Warning  | MREG Output pipelining | 1          |
+--------+----------+------------------------+------------+

2. REPORT DETAILS
-----------------
DPIP-1#1 Warning
Input pipelining  
DSP system_axo_axi_i/ANDXOR_0/inst/ANDXOR_v1_0_S00_AXI_inst/dut/mend0 input system_axo_axi_i/ANDXOR_0/inst/ANDXOR_v1_0_S00_AXI_inst/dut/mend0/A[29:0] is not pipelined. Pipelining DSP48 input will improve performance.
Related violations: <none>

DPIP-1#2 Warning
Input pipelining  
DSP system_axo_axi_i/ANDXOR_0/inst/ANDXOR_v1_0_S00_AXI_inst/dut/mend0 input system_axo_axi_i/ANDXOR_0/inst/ANDXOR_v1_0_S00_AXI_inst/dut/mend0/B[17:0] is not pipelined. Pipelining DSP48 input will improve performance.
Related violations: <none>

DPIP-1#3 Warning
Input pipelining  
DSP system_axo_axi_i/ANDXOR_0/inst/ANDXOR_v1_0_S00_AXI_inst/dut/mend0 input system_axo_axi_i/ANDXOR_0/inst/ANDXOR_v1_0_S00_AXI_inst/dut/mend0/C[47:0] is not pipelined. Pipelining DSP48 input will improve performance.
Related violations: <none>

DPOP-1#1 Warning
PREG Output pipelining  
DSP system_axo_axi_i/ANDXOR_0/inst/ANDXOR_v1_0_S00_AXI_inst/dut/mend0 output system_axo_axi_i/ANDXOR_0/inst/ANDXOR_v1_0_S00_AXI_inst/dut/mend0/P[47:0] is not pipelined (PREG=0). Pipelining the DSP48 output will improve performance and often saves power so it is suggested whenever possible to fully pipeline this function.  If this DSP48 function was inferred, it is suggested to describe an additional register stage after this function.  If the DSP48 was instantiated in the design, it is suggested to set the PREG attribute to 1.
Related violations: <none>

DPOP-2#1 Warning
MREG Output pipelining  
DSP system_axo_axi_i/ANDXOR_0/inst/ANDXOR_v1_0_S00_AXI_inst/dut/mend0 multiplier stage system_axo_axi_i/ANDXOR_0/inst/ANDXOR_v1_0_S00_AXI_inst/dut/mend0/P[47:0] is not pipelined (MREG=0). Pipelining the multiplier function will improve performance and will save significant power so it is suggested whenever possible to fully pipeline this function.  If this multiplier was inferred, it is suggested to describe an additional register stage after this function.  If there is no registered adder/accumulator following the multiply function, two pipeline stages are suggested to allow both the MREG and PREG registers to be used.  If the DSP48 was instantiated in the design, it is suggested to set both the MREG and PREG attributes to 1 when performing multiply functions.
Related violations: <none>


