19:07:26 INFO  : Registering command handlers for SDK TCF services
19:07:27 INFO  : Launching XSCT server: xsct.bat -interactive H:\dev\CSASA\vivaldo_starter\project_1\project_1.sdk\temp_xsdb_launch_script.tcl
19:07:30 INFO  : XSCT server has started successfully.
19:07:32 INFO  : Successfully done setting XSCT server connection channel  
19:07:32 INFO  : Processing command line option -hwspec H:/dev/CSASA/vivaldo_starter/project_1/project_1.sdk/System_wrapper.hdf.
19:07:32 INFO  : Successfully done setting SDK workspace  
19:20:03 INFO  : Launching XSCT server: xsct.bat -interactive H:\dev\CSASA\vivaldo_starter\project_1\project_1.sdk\temp_xsdb_launch_script.tcl
19:20:05 INFO  : XSCT server has started successfully.
19:20:05 INFO  : Successfully done setting XSCT server connection channel  
19:20:05 INFO  : Successfully done setting SDK workspace  
19:20:09 INFO  : Registering command handlers for SDK TCF services
19:20:09 INFO  : Processing command line option -hwspec H:/dev/CSASA/vivaldo_starter/project_1/project_1.sdk/System_wrapper.hdf.
19:20:09 INFO  : Checking for hwspec changes in the project System_wrapper_hw_platform_0.
19:27:41 INFO  : Connected to target on host '127.0.0.1' and port '3121'.
19:27:41 INFO  : 'targets -set -filter {jtag_cable_name =~ "Digilent Zybo Z7 210351A6C80CA" && level==0} -index 1' command is executed.
19:27:43 INFO  : FPGA configured successfully with bitstream "H:/dev/CSASA/vivaldo_starter/project_1/project_1.sdk/System_wrapper_hw_platform_0/System_wrapper.bit"
19:28:21 INFO  : 'targets -set -filter {jtag_cable_name =~ "Digilent Zybo Z7 210351A6C80CA" && level==0} -index 1' command is executed.
19:28:21 INFO  : 'fpga -state' command is executed.
19:28:21 INFO  : Connected to target on host '127.0.0.1' and port '3121'.
19:28:22 INFO  : Jtag cable 'Digilent Zybo Z7 210351A6C80CA' is selected.
19:28:22 INFO  : 'jtag frequency' command is executed.
19:28:22 INFO  : Sourcing of 'H:/dev/CSASA/vivaldo_starter/project_1/project_1.sdk/System_wrapper_hw_platform_0/ps7_init.tcl' is done.
19:28:22 INFO  : Context for 'APU' is selected.
19:28:22 INFO  : Hardware design information is loaded from 'H:/dev/CSASA/vivaldo_starter/project_1/project_1.sdk/System_wrapper_hw_platform_0/system.hdf'.
19:28:22 INFO  : 'configparams force-mem-access 1' command is executed.
19:28:22 INFO  : Context for 'APU' is selected.
19:28:22 INFO  : 'stop' command is executed.
19:28:22 INFO  : 'ps7_init' command is executed.
19:28:22 INFO  : 'ps7_post_config' command is executed.
19:28:23 INFO  : Context for processor 'ps7_cortexa9_0' is selected.
19:28:23 INFO  : Processor reset is completed for 'ps7_cortexa9_0'.
19:28:23 INFO  : Context for processor 'ps7_cortexa9_0' is selected.
19:28:23 INFO  : The application 'H:/dev/CSASA/vivaldo_starter/project_1/project_1.sdk/HelloWorld/Debug/HelloWorld.elf' is downloaded to processor 'ps7_cortexa9_0'.
19:28:23 INFO  : 'configparams force-mem-access 0' command is executed.
19:28:23 INFO  : ----------------XSDB Script----------------
connect -url tcp:127.0.0.1:3121
source H:/dev/CSASA/vivaldo_starter/project_1/project_1.sdk/System_wrapper_hw_platform_0/ps7_init.tcl
targets -set -nocase -filter {name =~"APU*" && jtag_cable_name =~ "Digilent Zybo Z7 210351A6C80CA"} -index 0
loadhw -hw H:/dev/CSASA/vivaldo_starter/project_1/project_1.sdk/System_wrapper_hw_platform_0/system.hdf -mem-ranges [list {0x40000000 0xbfffffff}]
configparams force-mem-access 1
targets -set -nocase -filter {name =~"APU*" && jtag_cable_name =~ "Digilent Zybo Z7 210351A6C80CA"} -index 0
stop
ps7_init
ps7_post_config
targets -set -nocase -filter {name =~ "ARM*#0" && jtag_cable_name =~ "Digilent Zybo Z7 210351A6C80CA"} -index 0
rst -processor
targets -set -nocase -filter {name =~ "ARM*#0" && jtag_cable_name =~ "Digilent Zybo Z7 210351A6C80CA"} -index 0
dow H:/dev/CSASA/vivaldo_starter/project_1/project_1.sdk/HelloWorld/Debug/HelloWorld.elf
configparams force-mem-access 0
----------------End of Script----------------

19:28:23 INFO  : Memory regions updated for context APU
19:28:23 INFO  : Context for processor 'ps7_cortexa9_0' is selected.
19:28:23 INFO  : 'con' command is executed.
19:28:23 INFO  : ----------------XSDB Script (After Launch)----------------
targets -set -nocase -filter {name =~ "ARM*#0" && jtag_cable_name =~ "Digilent Zybo Z7 210351A6C80CA"} -index 0
con
----------------End of Script----------------

19:28:23 INFO  : Launch script is exported to file 'H:\dev\CSASA\vivaldo_starter\project_1\project_1.sdk\.sdk\launch_scripts\xilinx_c-c++_application_(system_debugger)\system_debugger_using_debug_helloworld.elf_on_local.tcl'
19:29:37 INFO  : Disconnected from the channel tcfchan#1.
19:35:24 INFO  : Registering command handlers for SDK TCF services
19:35:24 INFO  : Launching XSCT server: xsct.bat -interactive H:\dev\CSASA\vivaldo_starter\helloworld_working\helloworld_working.sdk\temp_xsdb_launch_script.tcl
19:35:26 INFO  : XSCT server has started successfully.
19:35:26 INFO  : Successfully done setting XSCT server connection channel  
19:35:27 INFO  : Successfully done setting SDK workspace  
19:35:27 INFO  : Processing command line option -hwspec H:/dev/CSASA/vivaldo_starter/helloworld_working/helloworld_working.sdk/System_wrapper.hdf.
17:45:27 INFO  : Registering command handlers for SDK TCF services
17:45:29 INFO  : Launching XSCT server: xsct.bat -interactive C:\Users\Wesley\dev\CSASA\bram_designed_testinprogress\bram_designed_testinprogress.sdk\temp_xsdb_launch_script.tcl
17:45:34 INFO  : XSCT server has started successfully.
17:45:34 INFO  : Successfully done setting XSCT server connection channel  
17:45:39 INFO  : Successfully done setting SDK workspace  
17:45:39 INFO  : Processing command line option -hwspec C:/Users/Wesley/dev/CSASA/bram_designed_testinprogress/bram_designed_testinprogress.sdk/System_wrapper.hdf.
18:03:26 INFO  : Registering command handlers for SDK TCF services
18:03:27 INFO  : Launching XSCT server: xsct.bat -interactive C:\Users\Wesley\dev\CSASA\bram_designed_testinprogress\bram_designed_testinprogress.sdk\temp_xsdb_launch_script.tcl
18:03:30 INFO  : XSCT server has started successfully.
18:03:31 INFO  : Successfully done setting XSCT server connection channel  
18:03:31 INFO  : Processing command line option -hwspec C:/Users/Wesley/dev/CSASA/bram_designed_testinprogress/bram_designed_testinprogress.sdk/System_wrapper.hdf.
18:03:31 INFO  : Successfully done setting SDK workspace  
18:03:31 INFO  : Checking for hwspec changes in the project System_wrapper_hw_platform_0.
18:15:09 INFO  : Refreshed build settings on project BRAM_DMA_TEST
18:15:10 INFO  : Refreshed build settings on project HelloWorld
18:21:47 INFO  : Connected to target on host '127.0.0.1' and port '3121'.
18:21:48 INFO  : 'targets -set -filter {jtag_cable_name =~ "Digilent Zybo Z7 210351A6C80CA" && level==0} -index 1' command is executed.
18:21:49 INFO  : FPGA configured successfully with bitstream "C:/Users/Wesley/dev/CSASA/bram_designed_testinprogress/bram_designed_testinprogress.sdk/System_wrapper_hw_platform_0/System_wrapper.bit"
18:22:36 INFO  : Connected to target on host '127.0.0.1' and port '3121'.
18:23:00 INFO  : 'targets -set -filter {jtag_cable_name =~ "Digilent Zybo Z7 210351A6C80CA" && level==0} -index 1' command is executed.
18:23:00 INFO  : 'fpga -state' command is executed.
18:23:00 INFO  : Connected to target on host '127.0.0.1' and port '3121'.
18:23:01 INFO  : Jtag cable 'Digilent Zybo Z7 210351A6C80CA' is selected.
18:23:01 INFO  : 'jtag frequency' command is executed.
18:23:01 INFO  : Sourcing of 'C:/Users/Wesley/dev/CSASA/bram_designed_testinprogress/bram_designed_testinprogress.sdk/System_wrapper_hw_platform_0/ps7_init.tcl' is done.
18:23:01 INFO  : Context for 'APU' is selected.
18:23:01 INFO  : Hardware design information is loaded from 'C:/Users/Wesley/dev/CSASA/bram_designed_testinprogress/bram_designed_testinprogress.sdk/System_wrapper_hw_platform_0/system.hdf'.
18:23:01 INFO  : 'configparams force-mem-access 1' command is executed.
18:23:01 INFO  : Context for 'APU' is selected.
18:23:01 INFO  : 'stop' command is executed.
18:23:02 INFO  : 'ps7_init' command is executed.
18:23:02 INFO  : 'ps7_post_config' command is executed.
18:23:02 INFO  : Context for processor 'ps7_cortexa9_0' is selected.
18:23:02 INFO  : Processor reset is completed for 'ps7_cortexa9_0'.
18:23:02 INFO  : Context for processor 'ps7_cortexa9_0' is selected.
18:23:02 INFO  : The application 'C:/Users/Wesley/dev/CSASA/bram_designed_testinprogress/bram_designed_testinprogress.sdk/BRAM_DMA_TEST/Debug/BRAM_DMA_TEST.elf' is downloaded to processor 'ps7_cortexa9_0'.
18:23:02 INFO  : 'configparams force-mem-access 0' command is executed.
18:23:02 INFO  : ----------------XSDB Script----------------
connect -url tcp:127.0.0.1:3121
source C:/Users/Wesley/dev/CSASA/bram_designed_testinprogress/bram_designed_testinprogress.sdk/System_wrapper_hw_platform_0/ps7_init.tcl
targets -set -nocase -filter {name =~"APU*" && jtag_cable_name =~ "Digilent Zybo Z7 210351A6C80CA"} -index 0
loadhw -hw C:/Users/Wesley/dev/CSASA/bram_designed_testinprogress/bram_designed_testinprogress.sdk/System_wrapper_hw_platform_0/system.hdf -mem-ranges [list {0x40000000 0xbfffffff}]
configparams force-mem-access 1
targets -set -nocase -filter {name =~"APU*" && jtag_cable_name =~ "Digilent Zybo Z7 210351A6C80CA"} -index 0
stop
ps7_init
ps7_post_config
targets -set -nocase -filter {name =~ "ARM*#0" && jtag_cable_name =~ "Digilent Zybo Z7 210351A6C80CA"} -index 0
rst -processor
targets -set -nocase -filter {name =~ "ARM*#0" && jtag_cable_name =~ "Digilent Zybo Z7 210351A6C80CA"} -index 0
dow C:/Users/Wesley/dev/CSASA/bram_designed_testinprogress/bram_designed_testinprogress.sdk/BRAM_DMA_TEST/Debug/BRAM_DMA_TEST.elf
configparams force-mem-access 0
----------------End of Script----------------

18:23:02 INFO  : Memory regions updated for context APU
18:23:03 INFO  : Context for processor 'ps7_cortexa9_0' is selected.
18:23:03 INFO  : 'con' command is executed.
18:23:03 INFO  : ----------------XSDB Script (After Launch)----------------
targets -set -nocase -filter {name =~ "ARM*#0" && jtag_cable_name =~ "Digilent Zybo Z7 210351A6C80CA"} -index 0
con
----------------End of Script----------------

18:23:03 INFO  : Launch script is exported to file 'C:\Users\Wesley\dev\CSASA\bram_designed_testinprogress\bram_designed_testinprogress.sdk\.sdk\launch_scripts\xilinx_c-c++_application_(system_debugger)\system_debugger_using_debug_bram_dma_test.elf_on_local.tcl'
18:26:11 INFO  : Disconnected from the channel tcfchan#1.
18:26:12 INFO  : 'targets -set -filter {jtag_cable_name =~ "Digilent Zybo Z7 210351A6C80CA" && level==0} -index 1' command is executed.
18:26:12 INFO  : 'fpga -state' command is executed.
18:26:12 INFO  : Connected to target on host '127.0.0.1' and port '3121'.
18:26:13 INFO  : Jtag cable 'Digilent Zybo Z7 210351A6C80CA' is selected.
18:26:13 INFO  : 'jtag frequency' command is executed.
18:26:13 INFO  : Sourcing of 'C:/Users/Wesley/dev/CSASA/bram_designed_testinprogress/bram_designed_testinprogress.sdk/System_wrapper_hw_platform_0/ps7_init.tcl' is done.
18:26:13 INFO  : Context for 'APU' is selected.
18:26:16 INFO  : Hardware design information is loaded from 'C:/Users/Wesley/dev/CSASA/bram_designed_testinprogress/bram_designed_testinprogress.sdk/System_wrapper_hw_platform_0/system.hdf'.
18:26:16 INFO  : 'configparams force-mem-access 1' command is executed.
18:26:16 INFO  : Context for 'APU' is selected.
18:26:17 INFO  : 'stop' command is executed.
18:26:20 INFO  : 'ps7_init' command is executed.
18:26:20 INFO  : 'ps7_post_config' command is executed.
18:26:20 INFO  : Context for processor 'ps7_cortexa9_0' is selected.
18:26:20 INFO  : Processor reset is completed for 'ps7_cortexa9_0'.
18:26:20 INFO  : Context for processor 'ps7_cortexa9_0' is selected.
18:26:23 ERROR : Memory write error at 0x100000. APB AP transaction error, DAP status f0000021
18:26:23 INFO  : ----------------XSDB Script----------------
connect -url tcp:127.0.0.1:3121
source C:/Users/Wesley/dev/CSASA/bram_designed_testinprogress/bram_designed_testinprogress.sdk/System_wrapper_hw_platform_0/ps7_init.tcl
targets -set -nocase -filter {name =~"APU*" && jtag_cable_name =~ "Digilent Zybo Z7 210351A6C80CA"} -index 0
loadhw -hw C:/Users/Wesley/dev/CSASA/bram_designed_testinprogress/bram_designed_testinprogress.sdk/System_wrapper_hw_platform_0/system.hdf -mem-ranges [list {0x40000000 0xbfffffff}]
configparams force-mem-access 1
targets -set -nocase -filter {name =~"APU*" && jtag_cable_name =~ "Digilent Zybo Z7 210351A6C80CA"} -index 0
stop
ps7_init
ps7_post_config
targets -set -nocase -filter {name =~ "ARM*#0" && jtag_cable_name =~ "Digilent Zybo Z7 210351A6C80CA"} -index 0
rst -processor
targets -set -nocase -filter {name =~ "ARM*#0" && jtag_cable_name =~ "Digilent Zybo Z7 210351A6C80CA"} -index 0
dow C:/Users/Wesley/dev/CSASA/bram_designed_testinprogress/bram_designed_testinprogress.sdk/BRAM_DMA_TEST/Debug/BRAM_DMA_TEST.elf
----------------End of Script----------------

18:27:08 INFO  : Connected to target on host '127.0.0.1' and port '3121'.
18:27:08 INFO  : 'targets -set -filter {jtag_cable_name =~ "Digilent Zybo Z7 210351A6C80CA" && level==0} -index 1' command is executed.
18:27:09 INFO  : FPGA configured successfully with bitstream "C:/Users/Wesley/dev/CSASA/bram_designed_testinprogress/bram_designed_testinprogress.sdk/System_wrapper_hw_platform_0/System_wrapper.bit"
18:27:16 INFO  : 'targets -set -filter {jtag_cable_name =~ "Digilent Zybo Z7 210351A6C80CA" && level==0} -index 1' command is executed.
18:27:16 INFO  : 'fpga -state' command is executed.
18:27:16 INFO  : Connected to target on host '127.0.0.1' and port '3121'.
18:27:17 INFO  : Jtag cable 'Digilent Zybo Z7 210351A6C80CA' is selected.
18:27:17 INFO  : 'jtag frequency' command is executed.
18:27:17 INFO  : Sourcing of 'C:/Users/Wesley/dev/CSASA/bram_designed_testinprogress/bram_designed_testinprogress.sdk/System_wrapper_hw_platform_0/ps7_init.tcl' is done.
18:27:17 INFO  : Context for 'APU' is selected.
18:27:17 INFO  : Hardware design information is loaded from 'C:/Users/Wesley/dev/CSASA/bram_designed_testinprogress/bram_designed_testinprogress.sdk/System_wrapper_hw_platform_0/system.hdf'.
18:27:17 INFO  : 'configparams force-mem-access 1' command is executed.
18:27:17 INFO  : Context for 'APU' is selected.
18:27:17 INFO  : 'stop' command is executed.
18:27:18 INFO  : 'ps7_init' command is executed.
18:27:18 INFO  : 'ps7_post_config' command is executed.
18:27:18 INFO  : Context for processor 'ps7_cortexa9_0' is selected.
18:27:18 INFO  : Processor reset is completed for 'ps7_cortexa9_0'.
18:27:18 INFO  : Context for processor 'ps7_cortexa9_0' is selected.
18:27:18 INFO  : The application 'C:/Users/Wesley/dev/CSASA/bram_designed_testinprogress/bram_designed_testinprogress.sdk/BRAM_DMA_TEST/Debug/BRAM_DMA_TEST.elf' is downloaded to processor 'ps7_cortexa9_0'.
18:27:18 INFO  : 'configparams force-mem-access 0' command is executed.
18:27:18 INFO  : ----------------XSDB Script----------------
connect -url tcp:127.0.0.1:3121
source C:/Users/Wesley/dev/CSASA/bram_designed_testinprogress/bram_designed_testinprogress.sdk/System_wrapper_hw_platform_0/ps7_init.tcl
targets -set -nocase -filter {name =~"APU*" && jtag_cable_name =~ "Digilent Zybo Z7 210351A6C80CA"} -index 0
loadhw -hw C:/Users/Wesley/dev/CSASA/bram_designed_testinprogress/bram_designed_testinprogress.sdk/System_wrapper_hw_platform_0/system.hdf -mem-ranges [list {0x40000000 0xbfffffff}]
configparams force-mem-access 1
targets -set -nocase -filter {name =~"APU*" && jtag_cable_name =~ "Digilent Zybo Z7 210351A6C80CA"} -index 0
stop
ps7_init
ps7_post_config
targets -set -nocase -filter {name =~ "ARM*#0" && jtag_cable_name =~ "Digilent Zybo Z7 210351A6C80CA"} -index 0
rst -processor
targets -set -nocase -filter {name =~ "ARM*#0" && jtag_cable_name =~ "Digilent Zybo Z7 210351A6C80CA"} -index 0
dow C:/Users/Wesley/dev/CSASA/bram_designed_testinprogress/bram_designed_testinprogress.sdk/BRAM_DMA_TEST/Debug/BRAM_DMA_TEST.elf
configparams force-mem-access 0
----------------End of Script----------------

18:27:19 INFO  : Memory regions updated for context APU
18:27:19 INFO  : Context for processor 'ps7_cortexa9_0' is selected.
18:27:19 INFO  : 'con' command is executed.
18:27:19 INFO  : ----------------XSDB Script (After Launch)----------------
targets -set -nocase -filter {name =~ "ARM*#0" && jtag_cable_name =~ "Digilent Zybo Z7 210351A6C80CA"} -index 0
con
----------------End of Script----------------

18:27:19 INFO  : Launch script is exported to file 'C:\Users\Wesley\dev\CSASA\bram_designed_testinprogress\bram_designed_testinprogress.sdk\.sdk\launch_scripts\xilinx_c-c++_application_(system_debugger)\system_debugger_using_debug_bram_dma_test.elf_on_local.tcl'
18:30:11 INFO  : Disconnected from the channel tcfchan#2.
19:02:39 INFO  : Registering command handlers for SDK TCF services
19:02:39 INFO  : Launching XSCT server: xsct.bat -interactive H:\dev\CSASA\vivaldo_starter\bram_designed_memory_speedtested_working\bram_designed_memory_speedtested_working.sdk\temp_xsdb_launch_script.tcl
19:02:41 INFO  : XSCT server has started successfully.
19:02:41 INFO  : Successfully done setting XSCT server connection channel  
19:02:43 INFO  : Successfully done setting SDK workspace  
19:02:43 INFO  : Processing command line option -hwspec H:/dev/CSASA/vivaldo_starter/bram_designed_memory_speedtested_working/bram_designed_memory_speedtested_working.sdk/System_wrapper.hdf.
